2020-12-18 18:21:43.600 [restartedMain] INFO  com.caili.boot.AdviceStoreApplication - Starting AdviceStoreApplication on WIN-NP444H8LPB5 with PID 6560 (E:\MyPro\Adivice\target\classes started by Administrator in E:\MyPro\Adivice)
2020-12-18 18:21:43.600 [restartedMain] INFO  com.caili.boot.AdviceStoreApplication - The following profiles are active: prod
2020-12-18 18:21:43.741 [restartedMain] INFO  o.s.b.d.env.DevToolsPropertyDefaultsPostProcessor - Devtools property defaults active! Set 'spring.devtools.add-properties' to 'false' to disable
2020-12-18 18:21:43.741 [restartedMain] INFO  o.s.b.d.env.DevToolsPropertyDefaultsPostProcessor - For additional web related logging consider setting the 'logging.level.web' property to 'DEBUG'
2020-12-18 18:21:46.091 [restartedMain] INFO  o.s.d.r.config.RepositoryConfigurationDelegate - Multiple Spring Data modules found, entering strict repository configuration mode!
2020-12-18 18:21:46.106 [restartedMain] INFO  o.s.d.r.config.RepositoryConfigurationDelegate - Bootstrapping Spring Data Redis repositories in DEFAULT mode.
2020-12-18 18:21:46.169 [restartedMain] INFO  o.s.d.r.config.RepositoryConfigurationDelegate - Finished Spring Data repository scanning in 37ms. Found 0 Redis repository interfaces.
2020-12-18 18:21:46.903 [restartedMain] INFO  o.s.c.s.PostProcessorRegistrationDelegate$BeanPostProcessorChecker - Bean 'asyncTaskConfig' of type [com.caili.boot.async.AsyncTaskConfig$$EnhancerBySpringCGLIB$$4de1c05] is not eligible for getting processed by all BeanPostProcessors (for example: not eligible for auto-proxying)
2020-12-18 18:21:47.012 [restartedMain] INFO  o.s.c.s.PostProcessorRegistrationDelegate$BeanPostProcessorChecker - Bean 'redisConfig' of type [com.caili.boot.config.RedisConfig$$EnhancerBySpringCGLIB$$edc78257] is not eligible for getting processed by all BeanPostProcessors (for example: not eligible for auto-proxying)
2020-12-18 18:21:47.028 [restartedMain] INFO  o.s.c.s.PostProcessorRegistrationDelegate$BeanPostProcessorChecker - Bean 'org.springframework.transaction.annotation.ProxyTransactionManagementConfiguration' of type [org.springframework.transaction.annotation.ProxyTransactionManagementConfiguration] is not eligible for getting processed by all BeanPostProcessors (for example: not eligible for auto-proxying)
2020-12-18 18:21:48.200 [restartedMain] INFO  o.s.boot.web.embedded.tomcat.TomcatWebServer - Tomcat initialized with port(s): 8335 (http)
2020-12-18 18:21:48.215 [restartedMain] INFO  org.apache.coyote.http11.Http11NioProtocol - Initializing ProtocolHandler ["http-nio-8335"]
2020-12-18 18:21:48.215 [restartedMain] INFO  org.apache.catalina.core.StandardService - Starting service [Tomcat]
2020-12-18 18:21:48.215 [restartedMain] INFO  org.apache.catalina.core.StandardEngine - Starting Servlet engine: [Apache Tomcat/9.0.29]
2020-12-18 18:21:48.387 [restartedMain] INFO  o.a.c.core.ContainerBase.[Tomcat].[localhost].[/] - Initializing Spring embedded WebApplicationContext
2020-12-18 18:21:48.387 [restartedMain] INFO  org.springframework.web.context.ContextLoader - Root WebApplicationContext: initialization completed in 4646 ms
2020-12-18 18:21:48.559 [restartedMain] INFO  o.s.scheduling.concurrent.ThreadPoolTaskExecutor - Initializing ExecutorService 'applicationTaskExecutor'
2020-12-18 18:21:48.731 [restartedMain] INFO  c.a.d.s.b.a.DruidDataSourceAutoConfigure - Init DruidDataSource
2020-12-18 18:21:49.140 [restartedMain] INFO  com.alibaba.druid.pool.DruidDataSource - {dataSource-1} inited
2020-12-18 18:21:51.553 [restartedMain] INFO  com.caili.boot.config.CrossConfig - 不允许跨域！
2020-12-18 18:21:52.069 [restartedMain] INFO  o.s.b.d.autoconfigure.OptionalLiveReloadServer - LiveReload server is running on port 35729
2020-12-18 18:21:52.100 [restartedMain] INFO  com.caili.boot.config.ScheduleConfig - 动态定时任务开启
2020-12-18 18:21:52.116 [restartedMain] INFO  org.apache.coyote.http11.Http11NioProtocol - Starting ProtocolHandler ["http-nio-8335"]
2020-12-18 18:21:52.147 [restartedMain] INFO  o.s.boot.web.embedded.tomcat.TomcatWebServer - Tomcat started on port(s): 8335 (http) with context path ''
2020-12-18 18:21:52.163 [restartedMain] INFO  com.caili.boot.AdviceStoreApplication - Started AdviceStoreApplication in 9.973 seconds (JVM running for 11.231)
2020-12-18 18:22:05.443 [SpringContextShutdownHook] INFO  com.alibaba.druid.pool.DruidDataSource - {dataSource-1} closed
2020-12-18 18:22:05.443 [SpringContextShutdownHook] INFO  o.s.scheduling.concurrent.ThreadPoolTaskExecutor - Shutting down ExecutorService 'applicationTaskExecutor'
2020-12-18 18:41:50.864 [restartedMain] INFO  com.caili.boot.AdviceStoreApplication - Starting AdviceStoreApplication on WIN-NP444H8LPB5 with PID 1784 (E:\MyPro\Adivice\target\classes started by Administrator in E:\MyPro\Adivice)
2020-12-18 18:41:50.923 [restartedMain] INFO  com.caili.boot.AdviceStoreApplication - The following profiles are active: prod
2020-12-18 18:41:51.006 [restartedMain] INFO  o.s.b.d.env.DevToolsPropertyDefaultsPostProcessor - Devtools property defaults active! Set 'spring.devtools.add-properties' to 'false' to disable
2020-12-18 18:41:51.007 [restartedMain] INFO  o.s.b.d.env.DevToolsPropertyDefaultsPostProcessor - For additional web related logging consider setting the 'logging.level.web' property to 'DEBUG'
2020-12-18 18:41:52.434 [restartedMain] INFO  o.s.d.r.config.RepositoryConfigurationDelegate - Multiple Spring Data modules found, entering strict repository configuration mode!
2020-12-18 18:41:52.441 [restartedMain] INFO  o.s.d.r.config.RepositoryConfigurationDelegate - Bootstrapping Spring Data Redis repositories in DEFAULT mode.
2020-12-18 18:41:52.520 [restartedMain] INFO  o.s.d.r.config.RepositoryConfigurationDelegate - Finished Spring Data repository scanning in 45ms. Found 0 Redis repository interfaces.
2020-12-18 18:41:53.117 [restartedMain] INFO  o.s.c.s.PostProcessorRegistrationDelegate$BeanPostProcessorChecker - Bean 'asyncTaskConfig' of type [com.caili.boot.async.AsyncTaskConfig$$EnhancerBySpringCGLIB$$dd914ea6] is not eligible for getting processed by all BeanPostProcessors (for example: not eligible for auto-proxying)
2020-12-18 18:41:53.215 [restartedMain] INFO  o.s.c.s.PostProcessorRegistrationDelegate$BeanPostProcessorChecker - Bean 'redisConfig' of type [com.caili.boot.config.RedisConfig$$EnhancerBySpringCGLIB$$c67ab4f8] is not eligible for getting processed by all BeanPostProcessors (for example: not eligible for auto-proxying)
2020-12-18 18:41:53.222 [restartedMain] INFO  o.s.c.s.PostProcessorRegistrationDelegate$BeanPostProcessorChecker - Bean 'org.springframework.transaction.annotation.ProxyTransactionManagementConfiguration' of type [org.springframework.transaction.annotation.ProxyTransactionManagementConfiguration] is not eligible for getting processed by all BeanPostProcessors (for example: not eligible for auto-proxying)
2020-12-18 18:41:54.336 [restartedMain] INFO  o.s.boot.web.embedded.tomcat.TomcatWebServer - Tomcat initialized with port(s): 8335 (http)
2020-12-18 18:41:54.351 [restartedMain] INFO  org.apache.coyote.http11.Http11NioProtocol - Initializing ProtocolHandler ["http-nio-8335"]
2020-12-18 18:41:54.352 [restartedMain] INFO  org.apache.catalina.core.StandardService - Starting service [Tomcat]
2020-12-18 18:41:54.353 [restartedMain] INFO  org.apache.catalina.core.StandardEngine - Starting Servlet engine: [Apache Tomcat/9.0.29]
2020-12-18 18:41:54.508 [restartedMain] INFO  o.a.c.core.ContainerBase.[Tomcat].[localhost].[/] - Initializing Spring embedded WebApplicationContext
2020-12-18 18:41:54.508 [restartedMain] INFO  org.springframework.web.context.ContextLoader - Root WebApplicationContext: initialization completed in 3501 ms
2020-12-18 18:41:54.674 [restartedMain] INFO  o.s.scheduling.concurrent.ThreadPoolTaskExecutor - Initializing ExecutorService 'applicationTaskExecutor'
2020-12-18 18:41:54.834 [restartedMain] INFO  c.a.d.s.b.a.DruidDataSourceAutoConfigure - Init DruidDataSource
2020-12-18 18:41:55.238 [restartedMain] INFO  com.alibaba.druid.pool.DruidDataSource - {dataSource-1} inited
2020-12-18 18:41:56.886 [restartedMain] INFO  com.caili.boot.config.CrossConfig - 不允许跨域！
2020-12-18 18:41:57.338 [restartedMain] INFO  o.s.b.d.autoconfigure.OptionalLiveReloadServer - LiveReload server is running on port 35729
2020-12-18 18:41:57.382 [restartedMain] INFO  com.caili.boot.config.ScheduleConfig - 动态定时任务开启
2020-12-18 18:41:57.393 [restartedMain] INFO  org.apache.coyote.http11.Http11NioProtocol - Starting ProtocolHandler ["http-nio-8335"]
2020-12-18 18:41:57.433 [restartedMain] INFO  o.s.boot.web.embedded.tomcat.TomcatWebServer - Tomcat started on port(s): 8335 (http) with context path ''
2020-12-18 18:41:57.437 [restartedMain] INFO  com.caili.boot.AdviceStoreApplication - Started AdviceStoreApplication in 8.193 seconds (JVM running for 10.018)
2020-12-18 18:43:00.273 [SpringContextShutdownHook] INFO  com.alibaba.druid.pool.DruidDataSource - {dataSource-1} closed
2020-12-18 18:43:00.274 [SpringContextShutdownHook] INFO  o.s.scheduling.concurrent.ThreadPoolTaskExecutor - Shutting down ExecutorService 'applicationTaskExecutor'
