2020-12-07 11:42:36.412 [main] WARN  o.s.b.a.o.j.JpaBaseConfiguration$JpaWebConfiguration - spring.jpa.open-in-view is enabled by default. Therefore, database queries may be performed during view rendering. Explicitly configure spring.jpa.open-in-view to disable this warning
2020-12-07 11:42:38.044 [task-1] WARN  com.zaxxer.hikari.util.DriverDataSource - Registered driver with driverClassName=com.mysql.jdbc.Driver was not found, trying direct instantiation.
2020-12-07 11:42:38.429 [main] WARN  o.s.b.a.t.ThymeleafAutoConfiguration$DefaultTemplateResolverConfiguration - Cannot find template location: classpath:/templates/ (please add some templates or check your Thymeleaf configuration)
2020-12-07 14:01:36.222 [HikariPool-1 housekeeper] WARN  com.zaxxer.hikari.pool.HikariPool - HikariPool-1 - Thread starvation or clock leap detected (housekeeper delta=49m26s185ms756µs600ns).
2020-12-07 16:13:26.755 [main] WARN  o.s.b.a.o.j.JpaBaseConfiguration$JpaWebConfiguration - spring.jpa.open-in-view is enabled by default. Therefore, database queries may be performed during view rendering. Explicitly configure spring.jpa.open-in-view to disable this warning
2020-12-07 16:13:28.581 [task-1] WARN  com.zaxxer.hikari.util.DriverDataSource - Registered driver with driverClassName=com.mysql.jdbc.Driver was not found, trying direct instantiation.
2020-12-07 16:13:28.764 [main] WARN  o.s.b.a.t.ThymeleafAutoConfiguration$DefaultTemplateResolverConfiguration - Cannot find template location: classpath:/templates/ (please add some templates or check your Thymeleaf configuration)
2020-12-07 16:15:41.498 [main] WARN  o.s.b.a.o.j.JpaBaseConfiguration$JpaWebConfiguration - spring.jpa.open-in-view is enabled by default. Therefore, database queries may be performed during view rendering. Explicitly configure spring.jpa.open-in-view to disable this warning
2020-12-07 16:15:42.550 [task-1] WARN  com.zaxxer.hikari.util.DriverDataSource - Registered driver with driverClassName=com.mysql.jdbc.Driver was not found, trying direct instantiation.
2020-12-07 16:15:42.731 [main] WARN  o.s.b.a.t.ThymeleafAutoConfiguration$DefaultTemplateResolverConfiguration - Cannot find template location: classpath:/templates/ (please add some templates or check your Thymeleaf configuration)
2020-12-07 16:25:44.415 [main] WARN  o.s.b.a.o.j.JpaBaseConfiguration$JpaWebConfiguration - spring.jpa.open-in-view is enabled by default. Therefore, database queries may be performed during view rendering. Explicitly configure spring.jpa.open-in-view to disable this warning
2020-12-07 16:25:45.578 [task-1] WARN  com.zaxxer.hikari.util.DriverDataSource - Registered driver with driverClassName=com.mysql.jdbc.Driver was not found, trying direct instantiation.
2020-12-07 16:25:45.597 [main] WARN  o.s.b.a.t.ThymeleafAutoConfiguration$DefaultTemplateResolverConfiguration - Cannot find template location: classpath:/templates/ (please add some templates or check your Thymeleaf configuration)
2020-12-07 16:28:34.694 [main] WARN  o.s.b.a.o.j.JpaBaseConfiguration$JpaWebConfiguration - spring.jpa.open-in-view is enabled by default. Therefore, database queries may be performed during view rendering. Explicitly configure spring.jpa.open-in-view to disable this warning
2020-12-07 16:28:35.893 [task-1] WARN  com.zaxxer.hikari.util.DriverDataSource - Registered driver with driverClassName=com.mysql.jdbc.Driver was not found, trying direct instantiation.
2020-12-07 16:28:36.094 [main] WARN  o.s.b.a.t.ThymeleafAutoConfiguration$DefaultTemplateResolverConfiguration - Cannot find template location: classpath:/templates/ (please add some templates or check your Thymeleaf configuration)
2020-12-07 16:30:23.585 [main] WARN  o.s.b.a.o.j.JpaBaseConfiguration$JpaWebConfiguration - spring.jpa.open-in-view is enabled by default. Therefore, database queries may be performed during view rendering. Explicitly configure spring.jpa.open-in-view to disable this warning
2020-12-07 16:30:24.825 [task-1] WARN  com.zaxxer.hikari.util.DriverDataSource - Registered driver with driverClassName=com.mysql.jdbc.Driver was not found, trying direct instantiation.
2020-12-07 16:30:25.020 [main] WARN  o.s.b.a.t.ThymeleafAutoConfiguration$DefaultTemplateResolverConfiguration - Cannot find template location: classpath:/templates/ (please add some templates or check your Thymeleaf configuration)
2020-12-07 16:35:28.841 [main] WARN  o.s.b.a.o.j.JpaBaseConfiguration$JpaWebConfiguration - spring.jpa.open-in-view is enabled by default. Therefore, database queries may be performed during view rendering. Explicitly configure spring.jpa.open-in-view to disable this warning
2020-12-07 16:35:29.959 [task-1] WARN  com.zaxxer.hikari.util.DriverDataSource - Registered driver with driverClassName=com.mysql.jdbc.Driver was not found, trying direct instantiation.
2020-12-07 16:35:30.190 [main] WARN  o.s.b.a.t.ThymeleafAutoConfiguration$DefaultTemplateResolverConfiguration - Cannot find template location: classpath:/templates/ (please add some templates or check your Thymeleaf configuration)
2020-12-07 16:49:50.830 [http-nio-8336-exec-2] WARN  o.s.w.s.m.support.DefaultHandlerExceptionResolver - Resolved [org.springframework.web.HttpRequestMethodNotSupportedException: Request method 'GET' not supported]
2020-12-07 16:58:47.943 [http-nio-8336-exec-7] WARN  o.s.w.s.m.support.DefaultHandlerExceptionResolver - Resolved [org.springframework.web.HttpRequestMethodNotSupportedException: Request method 'GET' not supported]
2020-12-07 17:02:39.398 [http-nio-8336-exec-8] WARN  o.s.w.s.m.support.DefaultHandlerExceptionResolver - Resolved [org.springframework.web.bind.MissingServletRequestParameterException: Required Integer parameter 'page' is not present]
2020-12-07 17:03:17.867 [http-nio-8336-exec-9] WARN  o.s.w.s.m.support.DefaultHandlerExceptionResolver - Resolved [org.springframework.web.bind.MissingServletRequestParameterException: Required Integer parameter 'page' is not present]
2020-12-07 17:07:45.384 [http-nio-8336-exec-5] WARN  o.s.w.s.m.support.DefaultHandlerExceptionResolver - Resolved [org.springframework.web.HttpRequestMethodNotSupportedException: Request method 'GET' not supported]
2020-12-07 17:07:51.922 [http-nio-8336-exec-6] WARN  o.s.w.s.m.support.DefaultHandlerExceptionResolver - Resolved [org.springframework.web.HttpRequestMethodNotSupportedException: Request method 'GET' not supported]
2020-12-07 17:07:59.542 [http-nio-8336-exec-7] WARN  o.s.w.s.m.support.DefaultHandlerExceptionResolver - Resolved [org.springframework.web.HttpRequestMethodNotSupportedException: Request method 'GET' not supported]
2020-12-07 17:08:16.137 [http-nio-8336-exec-8] WARN  o.s.w.s.m.support.DefaultHandlerExceptionResolver - Resolved [org.springframework.web.HttpRequestMethodNotSupportedException: Request method 'GET' not supported]
2020-12-07 17:08:28.796 [http-nio-8336-exec-9] WARN  o.s.w.s.m.support.DefaultHandlerExceptionResolver - Resolved [org.springframework.web.HttpRequestMethodNotSupportedException: Request method 'GET' not supported]
2020-12-07 17:11:55.429 [http-nio-8336-exec-2] WARN  o.s.w.s.m.support.DefaultHandlerExceptionResolver - Resolved [org.springframework.web.bind.MissingServletRequestParameterException: Required Integer parameter 'page' is not present]
2020-12-07 17:12:25.285 [http-nio-8336-exec-3] WARN  o.s.w.s.m.support.DefaultHandlerExceptionResolver - Resolved [org.springframework.web.bind.MissingServletRequestParameterException: Required Integer parameter 'page' is not present]
2020-12-07 17:13:18.595 [http-nio-8336-exec-5] WARN  o.s.w.s.m.support.DefaultHandlerExceptionResolver - Resolved [org.springframework.web.bind.MissingServletRequestParameterException: Required Integer parameter 'page' is not present]
2020-12-07 17:14:31.395 [http-nio-8336-exec-6] WARN  o.s.w.s.m.support.DefaultHandlerExceptionResolver - Resolved [org.springframework.web.HttpMediaTypeNotSupportedException: Content type 'application/x-www-form-urlencoded;charset=UTF-8' not supported]
2020-12-07 17:14:53.002 [http-nio-8336-exec-7] WARN  o.s.w.s.m.support.DefaultHandlerExceptionResolver - Resolved [org.springframework.web.bind.MissingServletRequestParameterException: Required Integer parameter 'page' is not present]
2020-12-07 17:21:04.468 [http-nio-8336-exec-10] WARN  o.s.w.s.m.support.DefaultHandlerExceptionResolver - Resolved [org.springframework.web.HttpRequestMethodNotSupportedException: Request method 'GET' not supported]
2020-12-07 17:23:23.855 [main] WARN  o.s.b.a.o.j.JpaBaseConfiguration$JpaWebConfiguration - spring.jpa.open-in-view is enabled by default. Therefore, database queries may be performed during view rendering. Explicitly configure spring.jpa.open-in-view to disable this warning
2020-12-07 17:23:25.033 [task-1] WARN  com.zaxxer.hikari.util.DriverDataSource - Registered driver with driverClassName=com.mysql.jdbc.Driver was not found, trying direct instantiation.
2020-12-07 17:23:25.150 [main] WARN  o.s.b.a.t.ThymeleafAutoConfiguration$DefaultTemplateResolverConfiguration - Cannot find template location: classpath:/templates/ (please add some templates or check your Thymeleaf configuration)
2020-12-07 17:23:54.743 [http-nio-8336-exec-3] WARN  o.s.w.s.m.support.DefaultHandlerExceptionResolver - Resolved [org.springframework.http.converter.HttpMessageNotReadableException: Required request body is missing: public java.util.Map<java.lang.String, java.lang.Object> com.example.shopdms.controller.OrderController.getorderlist(com.example.shopdms.entity.Order,java.lang.Integer,java.lang.Integer,javax.servlet.http.HttpServletRequest,javax.servlet.http.HttpServletResponse) throws java.io.IOException]
2020-12-07 17:24:58.160 [main] WARN  o.s.b.a.o.j.JpaBaseConfiguration$JpaWebConfiguration - spring.jpa.open-in-view is enabled by default. Therefore, database queries may be performed during view rendering. Explicitly configure spring.jpa.open-in-view to disable this warning
2020-12-07 17:24:59.370 [task-1] WARN  com.zaxxer.hikari.util.DriverDataSource - Registered driver with driverClassName=com.mysql.jdbc.Driver was not found, trying direct instantiation.
2020-12-07 17:24:59.559 [main] WARN  o.s.b.a.t.ThymeleafAutoConfiguration$DefaultTemplateResolverConfiguration - Cannot find template location: classpath:/templates/ (please add some templates or check your Thymeleaf configuration)
2020-12-07 17:25:08.099 [http-nio-8336-exec-1] WARN  o.s.w.s.m.support.DefaultHandlerExceptionResolver - Resolved [org.springframework.web.bind.MissingServletRequestParameterException: Required Order parameter 'order' is not present]
2020-12-07 17:42:29.766 [main] WARN  o.s.b.a.o.j.JpaBaseConfiguration$JpaWebConfiguration - spring.jpa.open-in-view is enabled by default. Therefore, database queries may be performed during view rendering. Explicitly configure spring.jpa.open-in-view to disable this warning
2020-12-07 17:42:30.952 [task-1] WARN  com.zaxxer.hikari.util.DriverDataSource - Registered driver with driverClassName=com.mysql.jdbc.Driver was not found, trying direct instantiation.
2020-12-07 17:42:31.174 [main] WARN  o.s.b.a.t.ThymeleafAutoConfiguration$DefaultTemplateResolverConfiguration - Cannot find template location: classpath:/templates/ (please add some templates or check your Thymeleaf configuration)
2020-12-07 17:47:57.655 [http-nio-8336-exec-1] WARN  o.s.w.s.m.support.DefaultHandlerExceptionResolver - Resolved [org.springframework.web.method.annotation.MethodArgumentTypeMismatchException: Failed to convert value of type 'java.lang.String' to required type 'java.lang.Integer'; nested exception is java.lang.NumberFormatException: For input string: "null"]
2020-12-07 17:48:45.291 [http-nio-8336-exec-2] WARN  o.s.w.s.m.support.DefaultHandlerExceptionResolver - Resolved [org.springframework.web.bind.MissingServletRequestParameterException: Required Integer parameter 'isship' is not present]
2020-12-07 17:49:30.834 [main] WARN  o.s.b.a.o.j.JpaBaseConfiguration$JpaWebConfiguration - spring.jpa.open-in-view is enabled by default. Therefore, database queries may be performed during view rendering. Explicitly configure spring.jpa.open-in-view to disable this warning
2020-12-07 17:49:32.064 [task-1] WARN  com.zaxxer.hikari.util.DriverDataSource - Registered driver with driverClassName=com.mysql.jdbc.Driver was not found, trying direct instantiation.
2020-12-07 17:49:32.336 [main] WARN  o.s.b.a.t.ThymeleafAutoConfiguration$DefaultTemplateResolverConfiguration - Cannot find template location: classpath:/templates/ (please add some templates or check your Thymeleaf configuration)
2020-12-07 17:49:37.957 [http-nio-8336-exec-2] WARN  o.s.w.s.m.support.DefaultHandlerExceptionResolver - Resolved [org.springframework.web.bind.MissingServletRequestParameterException: Required Integer parameter 'isship' is not present]
2020-12-07 17:57:41.158 [main] WARN  o.s.b.a.o.j.JpaBaseConfiguration$JpaWebConfiguration - spring.jpa.open-in-view is enabled by default. Therefore, database queries may be performed during view rendering. Explicitly configure spring.jpa.open-in-view to disable this warning
2020-12-07 17:57:42.140 [task-1] WARN  com.zaxxer.hikari.util.DriverDataSource - Registered driver with driverClassName=com.mysql.jdbc.Driver was not found, trying direct instantiation.
2020-12-07 17:57:42.350 [main] WARN  o.s.b.a.t.ThymeleafAutoConfiguration$DefaultTemplateResolverConfiguration - Cannot find template location: classpath:/templates/ (please add some templates or check your Thymeleaf configuration)
2020-12-07 18:01:49.944 [main] WARN  o.s.b.a.o.j.JpaBaseConfiguration$JpaWebConfiguration - spring.jpa.open-in-view is enabled by default. Therefore, database queries may be performed during view rendering. Explicitly configure spring.jpa.open-in-view to disable this warning
2020-12-07 18:01:51.010 [task-1] WARN  com.zaxxer.hikari.util.DriverDataSource - Registered driver with driverClassName=com.mysql.jdbc.Driver was not found, trying direct instantiation.
2020-12-07 18:01:51.183 [main] WARN  o.s.b.a.t.ThymeleafAutoConfiguration$DefaultTemplateResolverConfiguration - Cannot find template location: classpath:/templates/ (please add some templates or check your Thymeleaf configuration)
2020-12-07 18:07:07.595 [main] WARN  o.s.b.a.o.j.JpaBaseConfiguration$JpaWebConfiguration - spring.jpa.open-in-view is enabled by default. Therefore, database queries may be performed during view rendering. Explicitly configure spring.jpa.open-in-view to disable this warning
2020-12-07 18:07:08.683 [task-1] WARN  com.zaxxer.hikari.util.DriverDataSource - Registered driver with driverClassName=com.mysql.jdbc.Driver was not found, trying direct instantiation.
2020-12-07 18:07:08.952 [main] WARN  o.s.b.a.t.ThymeleafAutoConfiguration$DefaultTemplateResolverConfiguration - Cannot find template location: classpath:/templates/ (please add some templates or check your Thymeleaf configuration)
2020-12-07 20:38:56.514 [main] WARN  o.s.b.a.o.j.JpaBaseConfiguration$JpaWebConfiguration - spring.jpa.open-in-view is enabled by default. Therefore, database queries may be performed during view rendering. Explicitly configure spring.jpa.open-in-view to disable this warning
2020-12-07 20:38:57.841 [task-1] WARN  com.zaxxer.hikari.util.DriverDataSource - Registered driver with driverClassName=com.mysql.jdbc.Driver was not found, trying direct instantiation.
2020-12-07 20:38:58.027 [main] WARN  o.s.b.a.t.ThymeleafAutoConfiguration$DefaultTemplateResolverConfiguration - Cannot find template location: classpath:/templates/ (please add some templates or check your Thymeleaf configuration)
2020-12-07 21:03:07.202 [main] WARN  o.s.b.a.o.j.JpaBaseConfiguration$JpaWebConfiguration - spring.jpa.open-in-view is enabled by default. Therefore, database queries may be performed during view rendering. Explicitly configure spring.jpa.open-in-view to disable this warning
2020-12-07 21:03:08.342 [task-1] WARN  com.zaxxer.hikari.util.DriverDataSource - Registered driver with driverClassName=com.mysql.jdbc.Driver was not found, trying direct instantiation.
2020-12-07 21:03:08.344 [main] WARN  o.s.b.a.t.ThymeleafAutoConfiguration$DefaultTemplateResolverConfiguration - Cannot find template location: classpath:/templates/ (please add some templates or check your Thymeleaf configuration)
2020-12-07 21:13:27.773 [http-nio-8336-exec-10] WARN  com.zaxxer.hikari.pool.PoolBase - HikariPool-1 - Failed to validate connection com.mysql.cj.jdbc.ConnectionImpl@90adff (No operations allowed after connection closed.). Possibly consider using a shorter maxLifetime value.
2020-12-07 21:13:32.782 [http-nio-8336-exec-10] WARN  com.zaxxer.hikari.pool.PoolBase - HikariPool-1 - Failed to validate connection com.mysql.cj.jdbc.ConnectionImpl@150777d1 (No operations allowed after connection closed.). Possibly consider using a shorter maxLifetime value.
2020-12-07 21:13:37.788 [http-nio-8336-exec-10] WARN  com.zaxxer.hikari.pool.PoolBase - HikariPool-1 - Failed to validate connection com.mysql.cj.jdbc.ConnectionImpl@734b74db (No operations allowed after connection closed.). Possibly consider using a shorter maxLifetime value.
2020-12-07 21:13:42.834 [http-nio-8336-exec-10] WARN  com.zaxxer.hikari.pool.PoolBase - HikariPool-1 - Failed to validate connection com.mysql.cj.jdbc.ConnectionImpl@4fca6f11 (No operations allowed after connection closed.). Possibly consider using a shorter maxLifetime value.
2020-12-07 21:13:47.843 [http-nio-8336-exec-10] WARN  com.zaxxer.hikari.pool.PoolBase - HikariPool-1 - Failed to validate connection com.mysql.cj.jdbc.ConnectionImpl@19f2b575 (No operations allowed after connection closed.). Possibly consider using a shorter maxLifetime value.
2020-12-07 21:13:52.853 [http-nio-8336-exec-10] WARN  com.zaxxer.hikari.pool.PoolBase - HikariPool-1 - Failed to validate connection com.mysql.cj.jdbc.ConnectionImpl@d21819d (No operations allowed after connection closed.). Possibly consider using a shorter maxLifetime value.
2020-12-07 21:13:52.864 [http-nio-8336-exec-10] WARN  org.hibernate.engine.jdbc.spi.SqlExceptionHelper - SQL Error: 0, SQLState: 08003
2020-12-07 21:14:02.449 [http-nio-8336-exec-3] WARN  com.zaxxer.hikari.pool.PoolBase - HikariPool-1 - Failed to validate connection com.mysql.cj.jdbc.ConnectionImpl@4d1b0c49 (No operations allowed after connection closed.). Possibly consider using a shorter maxLifetime value.
2020-12-07 21:14:52.524 [http-nio-8336-exec-1] WARN  com.zaxxer.hikari.pool.PoolBase - HikariPool-1 - Failed to validate connection com.mysql.cj.jdbc.ConnectionImpl@4a3b2978 (No operations allowed after connection closed.). Possibly consider using a shorter maxLifetime value.
2020-12-07 21:14:57.533 [http-nio-8336-exec-1] WARN  com.zaxxer.hikari.pool.PoolBase - HikariPool-1 - Failed to validate connection com.mysql.cj.jdbc.ConnectionImpl@2d888235 (No operations allowed after connection closed.). Possibly consider using a shorter maxLifetime value.
2020-12-07 21:15:02.541 [http-nio-8336-exec-1] WARN  com.zaxxer.hikari.pool.PoolBase - HikariPool-1 - Failed to validate connection com.mysql.cj.jdbc.ConnectionImpl@79d032a6 (No operations allowed after connection closed.). Possibly consider using a shorter maxLifetime value.
2020-12-07 21:15:07.553 [http-nio-8336-exec-1] WARN  com.zaxxer.hikari.pool.PoolBase - HikariPool-1 - Failed to validate connection com.mysql.cj.jdbc.ConnectionImpl@233cef85 (No operations allowed after connection closed.). Possibly consider using a shorter maxLifetime value.
2020-12-07 21:15:09.754 [http-nio-8336-exec-1] WARN  com.zaxxer.hikari.pool.PoolBase - HikariPool-1 - Failed to validate connection com.mysql.cj.jdbc.ConnectionImpl@4f7d8f64 (No operations allowed after connection closed.). Possibly consider using a shorter maxLifetime value.
2020-12-07 21:15:09.755 [http-nio-8336-exec-2] WARN  com.zaxxer.hikari.pool.PoolBase - HikariPool-1 - Failed to validate connection com.mysql.cj.jdbc.ConnectionImpl@7ad1a781 (No operations allowed after connection closed.). Possibly consider using a shorter maxLifetime value.
2020-12-07 21:15:10.006 [http-nio-8336-exec-1] WARN  com.zaxxer.hikari.pool.PoolBase - HikariPool-1 - Failed to validate connection com.mysql.cj.jdbc.ConnectionImpl@19b026f1 (No operations allowed after connection closed.). Possibly consider using a shorter maxLifetime value.
2020-12-07 21:15:10.006 [http-nio-8336-exec-2] WARN  com.zaxxer.hikari.pool.PoolBase - HikariPool-1 - Failed to validate connection com.mysql.cj.jdbc.ConnectionImpl@6c9348ea (No operations allowed after connection closed.). Possibly consider using a shorter maxLifetime value.
2020-12-07 21:15:17.523 [http-nio-8336-exec-1] WARN  org.hibernate.engine.jdbc.spi.SqlExceptionHelper - SQL Error: 0, SQLState: 08003
2020-12-07 21:15:37.655 [http-nio-8336-exec-2] WARN  org.hibernate.engine.jdbc.spi.SqlExceptionHelper - SQL Error: 0, SQLState: 08003
2020-12-07 21:16:03.413 [http-nio-8336-exec-4] WARN  org.hibernate.engine.jdbc.spi.SqlExceptionHelper - SQL Error: 0, SQLState: 08001
2020-12-07 21:16:11.225 [http-nio-8336-exec-5] WARN  org.hibernate.engine.jdbc.spi.SqlExceptionHelper - SQL Error: 0, SQLState: 08001
2020-12-07 21:16:20.959 [http-nio-8336-exec-6] WARN  org.hibernate.engine.jdbc.spi.SqlExceptionHelper - SQL Error: 0, SQLState: 08001
2020-12-07 21:27:16.101 [http-nio-8336-exec-3] WARN  com.zaxxer.hikari.pool.PoolBase - HikariPool-1 - Failed to validate connection com.mysql.cj.jdbc.ConnectionImpl@5a3179f6 (No operations allowed after connection closed.). Possibly consider using a shorter maxLifetime value.
2020-12-07 21:27:16.352 [http-nio-8336-exec-3] WARN  com.zaxxer.hikari.pool.PoolBase - HikariPool-1 - Failed to validate connection com.mysql.cj.jdbc.ConnectionImpl@b50662f (No operations allowed after connection closed.). Possibly consider using a shorter maxLifetime value.
2020-12-07 21:27:16.724 [http-nio-8336-exec-3] WARN  com.zaxxer.hikari.pool.PoolBase - HikariPool-1 - Failed to validate connection com.mysql.cj.jdbc.ConnectionImpl@5bbb3bfd (No operations allowed after connection closed.). Possibly consider using a shorter maxLifetime value.
2020-12-07 21:27:16.876 [http-nio-8336-exec-3] WARN  com.zaxxer.hikari.pool.PoolBase - HikariPool-1 - Failed to validate connection com.mysql.cj.jdbc.ConnectionImpl@a9417b5 (No operations allowed after connection closed.). Possibly consider using a shorter maxLifetime value.
2020-12-07 21:27:17.163 [http-nio-8336-exec-3] WARN  com.zaxxer.hikari.pool.PoolBase - HikariPool-1 - Failed to validate connection com.mysql.cj.jdbc.ConnectionImpl@7564f922 (No operations allowed after connection closed.). Possibly consider using a shorter maxLifetime value.
2020-12-07 21:27:17.301 [http-nio-8336-exec-3] WARN  com.zaxxer.hikari.pool.PoolBase - HikariPool-1 - Failed to validate connection com.mysql.cj.jdbc.ConnectionImpl@7d8d98bf (No operations allowed after connection closed.). Possibly consider using a shorter maxLifetime value.
2020-12-07 21:27:17.430 [http-nio-8336-exec-3] WARN  com.zaxxer.hikari.pool.PoolBase - HikariPool-1 - Failed to validate connection com.mysql.cj.jdbc.ConnectionImpl@7feb2020 (No operations allowed after connection closed.). Possibly consider using a shorter maxLifetime value.
2020-12-07 21:27:17.545 [http-nio-8336-exec-3] WARN  com.zaxxer.hikari.pool.PoolBase - HikariPool-1 - Failed to validate connection com.mysql.cj.jdbc.ConnectionImpl@5568b9d7 (No operations allowed after connection closed.). Possibly consider using a shorter maxLifetime value.
2020-12-07 21:27:17.671 [http-nio-8336-exec-3] WARN  com.zaxxer.hikari.pool.PoolBase - HikariPool-1 - Failed to validate connection com.mysql.cj.jdbc.ConnectionImpl@717e7b1 (No operations allowed after connection closed.). Possibly consider using a shorter maxLifetime value.
2020-12-07 21:27:17.794 [http-nio-8336-exec-3] WARN  com.zaxxer.hikari.pool.PoolBase - HikariPool-1 - Failed to validate connection com.mysql.cj.jdbc.ConnectionImpl@164ecf8c (No operations allowed after connection closed.). Possibly consider using a shorter maxLifetime value.
2020-12-07 21:47:15.223 [http-nio-8336-exec-2] WARN  com.zaxxer.hikari.pool.PoolBase - HikariPool-1 - Failed to validate connection com.mysql.cj.jdbc.ConnectionImpl@2494cb00 (No operations allowed after connection closed.). Possibly consider using a shorter maxLifetime value.
2020-12-07 21:47:20.232 [http-nio-8336-exec-2] WARN  com.zaxxer.hikari.pool.PoolBase - HikariPool-1 - Failed to validate connection com.mysql.cj.jdbc.ConnectionImpl@4a8b2fe1 (No operations allowed after connection closed.). Possibly consider using a shorter maxLifetime value.
2020-12-07 21:47:21.160 [http-nio-8336-exec-4] WARN  com.zaxxer.hikari.pool.PoolBase - HikariPool-1 - Failed to validate connection com.mysql.cj.jdbc.ConnectionImpl@4d840516 (No operations allowed after connection closed.). Possibly consider using a shorter maxLifetime value.
2020-12-07 21:47:25.242 [http-nio-8336-exec-2] WARN  com.zaxxer.hikari.pool.PoolBase - HikariPool-1 - Failed to validate connection com.mysql.cj.jdbc.ConnectionImpl@35e4cf54 (No operations allowed after connection closed.). Possibly consider using a shorter maxLifetime value.
2020-12-07 21:47:26.167 [http-nio-8336-exec-4] WARN  com.zaxxer.hikari.pool.PoolBase - HikariPool-1 - Failed to validate connection com.mysql.cj.jdbc.ConnectionImpl@3e5d3737 (No operations allowed after connection closed.). Possibly consider using a shorter maxLifetime value.
2020-12-07 21:47:30.250 [http-nio-8336-exec-2] WARN  com.zaxxer.hikari.pool.PoolBase - HikariPool-1 - Failed to validate connection com.mysql.cj.jdbc.ConnectionImpl@3814e47c (No operations allowed after connection closed.). Possibly consider using a shorter maxLifetime value.
2020-12-07 21:47:31.173 [http-nio-8336-exec-4] WARN  com.zaxxer.hikari.pool.PoolBase - HikariPool-1 - Failed to validate connection com.mysql.cj.jdbc.ConnectionImpl@2eca8b92 (No operations allowed after connection closed.). Possibly consider using a shorter maxLifetime value.
2020-12-07 21:47:35.260 [http-nio-8336-exec-2] WARN  com.zaxxer.hikari.pool.PoolBase - HikariPool-1 - Failed to validate connection com.mysql.cj.jdbc.ConnectionImpl@2bf320b8 (No operations allowed after connection closed.). Possibly consider using a shorter maxLifetime value.
2020-12-07 21:47:36.184 [http-nio-8336-exec-4] WARN  com.zaxxer.hikari.pool.PoolBase - HikariPool-1 - Failed to validate connection com.mysql.cj.jdbc.ConnectionImpl@542f4533 (No operations allowed after connection closed.). Possibly consider using a shorter maxLifetime value.
2020-12-07 21:47:40.268 [http-nio-8336-exec-2] WARN  com.zaxxer.hikari.pool.PoolBase - HikariPool-1 - Failed to validate connection com.mysql.cj.jdbc.ConnectionImpl@4acb72a2 (No operations allowed after connection closed.). Possibly consider using a shorter maxLifetime value.
2020-12-07 21:47:40.270 [http-nio-8336-exec-2] WARN  org.hibernate.engine.jdbc.spi.SqlExceptionHelper - SQL Error: 0, SQLState: 08003
2020-12-07 21:47:46.156 [http-nio-8336-exec-4] WARN  org.hibernate.engine.jdbc.spi.SqlExceptionHelper - SQL Error: 0, SQLState: 08003
2020-12-07 22:06:01.929 [http-nio-8336-exec-10] WARN  com.zaxxer.hikari.pool.PoolBase - HikariPool-1 - Failed to validate connection com.mysql.cj.jdbc.ConnectionImpl@28af4a0b (No operations allowed after connection closed.). Possibly consider using a shorter maxLifetime value.
2020-12-07 22:06:02.194 [http-nio-8336-exec-10] WARN  com.zaxxer.hikari.pool.PoolBase - HikariPool-1 - Failed to validate connection com.mysql.cj.jdbc.ConnectionImpl@2ad7cfe (No operations allowed after connection closed.). Possibly consider using a shorter maxLifetime value.
2020-12-07 22:06:02.500 [http-nio-8336-exec-10] WARN  com.zaxxer.hikari.pool.PoolBase - HikariPool-1 - Failed to validate connection com.mysql.cj.jdbc.ConnectionImpl@1c796ed7 (No operations allowed after connection closed.). Possibly consider using a shorter maxLifetime value.
2020-12-07 22:06:02.807 [http-nio-8336-exec-10] WARN  com.zaxxer.hikari.pool.PoolBase - HikariPool-1 - Failed to validate connection com.mysql.cj.jdbc.ConnectionImpl@4ed49041 (No operations allowed after connection closed.). Possibly consider using a shorter maxLifetime value.
2020-12-07 22:06:03.112 [http-nio-8336-exec-10] WARN  com.zaxxer.hikari.pool.PoolBase - HikariPool-1 - Failed to validate connection com.mysql.cj.jdbc.ConnectionImpl@caf26e6 (No operations allowed after connection closed.). Possibly consider using a shorter maxLifetime value.
2020-12-07 22:06:03.423 [http-nio-8336-exec-10] WARN  com.zaxxer.hikari.pool.PoolBase - HikariPool-1 - Failed to validate connection com.mysql.cj.jdbc.ConnectionImpl@658ce101 (No operations allowed after connection closed.). Possibly consider using a shorter maxLifetime value.
2020-12-07 22:06:03.727 [http-nio-8336-exec-10] WARN  com.zaxxer.hikari.pool.PoolBase - HikariPool-1 - Failed to validate connection com.mysql.cj.jdbc.ConnectionImpl@32d434b1 (No operations allowed after connection closed.). Possibly consider using a shorter maxLifetime value.
2020-12-07 22:06:04.037 [http-nio-8336-exec-10] WARN  com.zaxxer.hikari.pool.PoolBase - HikariPool-1 - Failed to validate connection com.mysql.cj.jdbc.ConnectionImpl@58e8fc32 (No operations allowed after connection closed.). Possibly consider using a shorter maxLifetime value.
2020-12-07 22:06:04.341 [http-nio-8336-exec-10] WARN  com.zaxxer.hikari.pool.PoolBase - HikariPool-1 - Failed to validate connection com.mysql.cj.jdbc.ConnectionImpl@2d0579df (No operations allowed after connection closed.). Possibly consider using a shorter maxLifetime value.
2020-12-07 22:06:04.653 [http-nio-8336-exec-10] WARN  com.zaxxer.hikari.pool.PoolBase - HikariPool-1 - Failed to validate connection com.mysql.cj.jdbc.ConnectionImpl@2f831197 (No operations allowed after connection closed.). Possibly consider using a shorter maxLifetime value.
2020-12-07 22:51:45.869 [http-nio-8336-exec-7] WARN  com.zaxxer.hikari.pool.PoolBase - HikariPool-1 - Failed to validate connection com.mysql.cj.jdbc.ConnectionImpl@79cbcfea (No operations allowed after connection closed.). Possibly consider using a shorter maxLifetime value.
2020-12-07 22:51:46.399 [http-nio-8336-exec-7] WARN  com.zaxxer.hikari.pool.PoolBase - HikariPool-1 - Failed to validate connection com.mysql.cj.jdbc.ConnectionImpl@543bb426 (No operations allowed after connection closed.). Possibly consider using a shorter maxLifetime value.
2020-12-07 22:51:46.529 [http-nio-8336-exec-7] WARN  com.zaxxer.hikari.pool.PoolBase - HikariPool-1 - Failed to validate connection com.mysql.cj.jdbc.ConnectionImpl@2e8fa1d1 (No operations allowed after connection closed.). Possibly consider using a shorter maxLifetime value.
2020-12-07 22:51:46.641 [http-nio-8336-exec-7] WARN  com.zaxxer.hikari.pool.PoolBase - HikariPool-1 - Failed to validate connection com.mysql.cj.jdbc.ConnectionImpl@99c9f75 (No operations allowed after connection closed.). Possibly consider using a shorter maxLifetime value.
2020-12-07 22:51:46.759 [http-nio-8336-exec-7] WARN  com.zaxxer.hikari.pool.PoolBase - HikariPool-1 - Failed to validate connection com.mysql.cj.jdbc.ConnectionImpl@3e4945c0 (No operations allowed after connection closed.). Possibly consider using a shorter maxLifetime value.
2020-12-07 22:51:47.148 [http-nio-8336-exec-7] WARN  com.zaxxer.hikari.pool.PoolBase - HikariPool-1 - Failed to validate connection com.mysql.cj.jdbc.ConnectionImpl@375a5cab (No operations allowed after connection closed.). Possibly consider using a shorter maxLifetime value.
2020-12-07 22:51:47.657 [http-nio-8336-exec-7] WARN  com.zaxxer.hikari.pool.PoolBase - HikariPool-1 - Failed to validate connection com.mysql.cj.jdbc.ConnectionImpl@6408e2b8 (No operations allowed after connection closed.). Possibly consider using a shorter maxLifetime value.
2020-12-07 22:51:47.831 [http-nio-8336-exec-7] WARN  com.zaxxer.hikari.pool.PoolBase - HikariPool-1 - Failed to validate connection com.mysql.cj.jdbc.ConnectionImpl@982be7b (No operations allowed after connection closed.). Possibly consider using a shorter maxLifetime value.
2020-12-07 22:51:48.031 [http-nio-8336-exec-7] WARN  com.zaxxer.hikari.pool.PoolBase - HikariPool-1 - Failed to validate connection com.mysql.cj.jdbc.ConnectionImpl@7d918dce (No operations allowed after connection closed.). Possibly consider using a shorter maxLifetime value.
2020-12-07 22:51:48.168 [http-nio-8336-exec-7] WARN  com.zaxxer.hikari.pool.PoolBase - HikariPool-1 - Failed to validate connection com.mysql.cj.jdbc.ConnectionImpl@184b29d3 (No operations allowed after connection closed.). Possibly consider using a shorter maxLifetime value.
2020-12-07 23:04:55.724 [http-nio-8336-exec-4] WARN  com.zaxxer.hikari.pool.PoolBase - HikariPool-1 - Failed to validate connection com.mysql.cj.jdbc.ConnectionImpl@3bff7f3 (No operations allowed after connection closed.). Possibly consider using a shorter maxLifetime value.
2020-12-07 23:05:00.737 [http-nio-8336-exec-4] WARN  com.zaxxer.hikari.pool.PoolBase - HikariPool-1 - Failed to validate connection com.mysql.cj.jdbc.ConnectionImpl@758bc68b (No operations allowed after connection closed.). Possibly consider using a shorter maxLifetime value.
2020-12-07 23:05:02.833 [http-nio-8336-exec-4] WARN  com.zaxxer.hikari.pool.PoolBase - HikariPool-1 - Failed to validate connection com.mysql.cj.jdbc.ConnectionImpl@52b51485 (No operations allowed after connection closed.). Possibly consider using a shorter maxLifetime value.
2020-12-07 23:05:02.844 [http-nio-8336-exec-5] WARN  com.zaxxer.hikari.pool.PoolBase - HikariPool-1 - Failed to validate connection com.mysql.cj.jdbc.ConnectionImpl@d753dda (No operations allowed after connection closed.). Possibly consider using a shorter maxLifetime value.
2020-12-07 23:05:03.441 [http-nio-8336-exec-4] WARN  com.zaxxer.hikari.pool.PoolBase - HikariPool-1 - Failed to validate connection com.mysql.cj.jdbc.ConnectionImpl@4dedf9d1 (No operations allowed after connection closed.). Possibly consider using a shorter maxLifetime value.
2020-12-07 23:05:03.464 [http-nio-8336-exec-5] WARN  com.zaxxer.hikari.pool.PoolBase - HikariPool-1 - Failed to validate connection com.mysql.cj.jdbc.ConnectionImpl@4391a8e (No operations allowed after connection closed.). Possibly consider using a shorter maxLifetime value.
2020-12-07 23:05:03.565 [http-nio-8336-exec-4] WARN  com.zaxxer.hikari.pool.PoolBase - HikariPool-1 - Failed to validate connection com.mysql.cj.jdbc.ConnectionImpl@66f9c179 (No operations allowed after connection closed.). Possibly consider using a shorter maxLifetime value.
2020-12-07 23:05:03.595 [http-nio-8336-exec-5] WARN  com.zaxxer.hikari.pool.PoolBase - HikariPool-1 - Failed to validate connection com.mysql.cj.jdbc.ConnectionImpl@268a9dbc (No operations allowed after connection closed.). Possibly consider using a shorter maxLifetime value.
2020-12-07 23:05:03.898 [http-nio-8336-exec-4] WARN  com.zaxxer.hikari.pool.PoolBase - HikariPool-1 - Failed to validate connection com.mysql.cj.jdbc.ConnectionImpl@3231c98 (No operations allowed after connection closed.). Possibly consider using a shorter maxLifetime value.
2020-12-07 23:05:03.899 [http-nio-8336-exec-5] WARN  com.zaxxer.hikari.pool.PoolBase - HikariPool-1 - Failed to validate connection com.mysql.cj.jdbc.ConnectionImpl@5ef0c7db (No operations allowed after connection closed.). Possibly consider using a shorter maxLifetime value.
2020-12-07 23:14:42.640 [HikariPool-1 housekeeper] WARN  com.zaxxer.hikari.pool.HikariPool - HikariPool-1 - Thread starvation or clock leap detected (housekeeper delta=54s108ms585µs200ns).
2020-12-07 23:16:33.608 [HikariPool-1 housekeeper] WARN  com.zaxxer.hikari.pool.HikariPool - HikariPool-1 - Thread starvation or clock leap detected (housekeeper delta=1m50s973ms325µs300ns).
2020-12-07 23:16:34.093 [http-nio-8336-exec-4] WARN  com.zaxxer.hikari.pool.PoolBase - HikariPool-1 - Failed to validate connection com.mysql.cj.jdbc.ConnectionImpl@2f8c2cdb (No operations allowed after connection closed.). Possibly consider using a shorter maxLifetime value.
2020-12-07 23:16:35.002 [http-nio-8336-exec-4] WARN  com.zaxxer.hikari.pool.PoolBase - HikariPool-1 - Failed to validate connection com.mysql.cj.jdbc.ConnectionImpl@6cd36eda (No operations allowed after connection closed.). Possibly consider using a shorter maxLifetime value.
2020-12-07 23:16:35.139 [http-nio-8336-exec-4] WARN  com.zaxxer.hikari.pool.PoolBase - HikariPool-1 - Failed to validate connection com.mysql.cj.jdbc.ConnectionImpl@457414eb (No operations allowed after connection closed.). Possibly consider using a shorter maxLifetime value.
2020-12-07 23:16:35.255 [http-nio-8336-exec-4] WARN  com.zaxxer.hikari.pool.PoolBase - HikariPool-1 - Failed to validate connection com.mysql.cj.jdbc.ConnectionImpl@b50126a (No operations allowed after connection closed.). Possibly consider using a shorter maxLifetime value.
2020-12-07 23:17:40.559 [main] WARN  o.s.b.a.o.j.JpaBaseConfiguration$JpaWebConfiguration - spring.jpa.open-in-view is enabled by default. Therefore, database queries may be performed during view rendering. Explicitly configure spring.jpa.open-in-view to disable this warning
2020-12-07 23:17:41.819 [task-1] WARN  com.zaxxer.hikari.util.DriverDataSource - Registered driver with driverClassName=com.mysql.jdbc.Driver was not found, trying direct instantiation.
2020-12-07 23:17:41.941 [main] WARN  o.s.b.a.t.ThymeleafAutoConfiguration$DefaultTemplateResolverConfiguration - Cannot find template location: classpath:/templates/ (please add some templates or check your Thymeleaf configuration)
2020-12-07 23:18:33.557 [HikariPool-1 housekeeper] WARN  com.zaxxer.hikari.pool.HikariPool - HikariPool-1 - Thread starvation or clock leap detected (housekeeper delta=46s386ms963µs700ns).
2020-12-07 23:35:01.323 [HikariPool-1 housekeeper] WARN  com.zaxxer.hikari.pool.HikariPool - HikariPool-1 - Thread starvation or clock leap detected (housekeeper delta=3m57s728ms130µs500ns).
2020-12-07 23:35:19.631 [http-nio-8336-exec-7] WARN  com.zaxxer.hikari.pool.PoolBase - HikariPool-1 - Failed to validate connection com.mysql.cj.jdbc.ConnectionImpl@26e67e14 (No operations allowed after connection closed.). Possibly consider using a shorter maxLifetime value.
2020-12-07 23:35:19.631 [http-nio-8336-exec-4] WARN  com.zaxxer.hikari.pool.PoolBase - HikariPool-1 - Failed to validate connection com.mysql.cj.jdbc.ConnectionImpl@5e77b533 (No operations allowed after connection closed.). Possibly consider using a shorter maxLifetime value.
2020-12-07 23:35:19.686 [http-nio-8336-exec-3] WARN  com.zaxxer.hikari.pool.PoolBase - HikariPool-1 - Failed to validate connection com.mysql.cj.jdbc.ConnectionImpl@766e555f (No operations allowed after connection closed.). Possibly consider using a shorter maxLifetime value.
2020-12-07 23:35:19.686 [http-nio-8336-exec-8] WARN  com.zaxxer.hikari.pool.PoolBase - HikariPool-1 - Failed to validate connection com.mysql.cj.jdbc.ConnectionImpl@7d97b969 (No operations allowed after connection closed.). Possibly consider using a shorter maxLifetime value.
2020-12-07 23:35:19.686 [http-nio-8336-exec-5] WARN  com.zaxxer.hikari.pool.PoolBase - HikariPool-1 - Failed to validate connection com.mysql.cj.jdbc.ConnectionImpl@4d4baf1d (No operations allowed after connection closed.). Possibly consider using a shorter maxLifetime value.
2020-12-07 23:35:19.686 [http-nio-8336-exec-6] WARN  com.zaxxer.hikari.pool.PoolBase - HikariPool-1 - Failed to validate connection com.mysql.cj.jdbc.ConnectionImpl@27e83073 (No operations allowed after connection closed.). Possibly consider using a shorter maxLifetime value.
2020-12-07 23:35:19.687 [http-nio-8336-exec-9] WARN  com.zaxxer.hikari.pool.PoolBase - HikariPool-1 - Failed to validate connection com.mysql.cj.jdbc.ConnectionImpl@7fcad357 (No operations allowed after connection closed.). Possibly consider using a shorter maxLifetime value.
2020-12-07 23:35:19.689 [http-nio-8336-exec-2] WARN  com.zaxxer.hikari.pool.PoolBase - HikariPool-1 - Failed to validate connection com.mysql.cj.jdbc.ConnectionImpl@2653509a (No operations allowed after connection closed.). Possibly consider using a shorter maxLifetime value.
2020-12-07 23:35:19.758 [http-nio-8336-exec-4] WARN  com.zaxxer.hikari.pool.PoolBase - HikariPool-1 - Failed to validate connection com.mysql.cj.jdbc.ConnectionImpl@64d4d718 (No operations allowed after connection closed.). Possibly consider using a shorter maxLifetime value.
2020-12-07 23:35:49.461 [HikariPool-1 housekeeper] WARN  com.zaxxer.hikari.pool.HikariPool - HikariPool-1 - Thread starvation or clock leap detected (housekeeper delta=48s138ms41µs100ns).
2020-12-07 23:36:45.570 [HikariPool-1 housekeeper] WARN  com.zaxxer.hikari.pool.HikariPool - HikariPool-1 - Thread starvation or clock leap detected (housekeeper delta=56s109ms151µs).
2020-12-07 23:39:02.300 [main] WARN  o.s.b.a.o.j.JpaBaseConfiguration$JpaWebConfiguration - spring.jpa.open-in-view is enabled by default. Therefore, database queries may be performed during view rendering. Explicitly configure spring.jpa.open-in-view to disable this warning
2020-12-07 23:39:03.421 [task-1] WARN  com.zaxxer.hikari.util.DriverDataSource - Registered driver with driverClassName=com.mysql.jdbc.Driver was not found, trying direct instantiation.
2020-12-07 23:39:03.631 [main] WARN  o.s.b.a.t.ThymeleafAutoConfiguration$DefaultTemplateResolverConfiguration - Cannot find template location: classpath:/templates/ (please add some templates or check your Thymeleaf configuration)
2020-12-07 23:41:09.515 [http-nio-8336-exec-8] WARN  o.s.w.s.m.support.DefaultHandlerExceptionResolver - Resolved [org.springframework.web.bind.MissingServletRequestParameterException: Required String parameter 'ordernumber' is not present]
2020-12-07 23:44:54.911 [main] WARN  o.s.b.a.o.j.JpaBaseConfiguration$JpaWebConfiguration - spring.jpa.open-in-view is enabled by default. Therefore, database queries may be performed during view rendering. Explicitly configure spring.jpa.open-in-view to disable this warning
2020-12-07 23:44:55.939 [task-1] WARN  com.zaxxer.hikari.util.DriverDataSource - Registered driver with driverClassName=com.mysql.jdbc.Driver was not found, trying direct instantiation.
2020-12-07 23:44:56.137 [main] WARN  o.s.b.a.t.ThymeleafAutoConfiguration$DefaultTemplateResolverConfiguration - Cannot find template location: classpath:/templates/ (please add some templates or check your Thymeleaf configuration)
2020-12-07 23:45:06.367 [task-1] WARN  com.zaxxer.hikari.pool.PoolBase - HikariPool-1 - Failed to validate connection com.mysql.cj.jdbc.ConnectionImpl@77d0ec14 (No operations allowed after connection closed.). Possibly consider using a shorter maxLifetime value.
