2020-12-02 10:37:26.137 [main] WARN  o.s.b.a.o.j.JpaBaseConfiguration$JpaWebConfiguration - spring.jpa.open-in-view is enabled by default. Therefore, database queries may be performed during view rendering. Explicitly configure spring.jpa.open-in-view to disable this warning
2020-12-02 10:37:28.942 [main] WARN  o.s.b.a.t.ThymeleafAutoConfiguration$DefaultTemplateResolverConfiguration - Cannot find template location: classpath:/templates/ (please add some templates or check your Thymeleaf configuration)
2020-12-02 10:37:29.022 [task-1] WARN  com.zaxxer.hikari.util.DriverDataSource - Registered driver with driverClassName=com.mysql.jdbc.Driver was not found, trying direct instantiation.
2020-12-02 12:21:04.857 [main] WARN  o.s.b.a.o.j.JpaBaseConfiguration$JpaWebConfiguration - spring.jpa.open-in-view is enabled by default. Therefore, database queries may be performed during view rendering. Explicitly configure spring.jpa.open-in-view to disable this warning
2020-12-02 12:21:05.985 [task-1] WARN  com.zaxxer.hikari.util.DriverDataSource - Registered driver with driverClassName=com.mysql.jdbc.Driver was not found, trying direct instantiation.
2020-12-02 12:21:06.012 [main] WARN  o.s.b.a.t.ThymeleafAutoConfiguration$DefaultTemplateResolverConfiguration - Cannot find template location: classpath:/templates/ (please add some templates or check your Thymeleaf configuration)
2020-12-02 14:00:00.356 [http-nio-8336-exec-1] WARN  com.zaxxer.hikari.pool.PoolBase - HikariPool-1 - Failed to validate connection com.mysql.cj.jdbc.ConnectionImpl@547d3018 (No operations allowed after connection closed.). Possibly consider using a shorter maxLifetime value.
2020-12-02 14:00:00.370 [http-nio-8336-exec-1] WARN  com.zaxxer.hikari.pool.PoolBase - HikariPool-1 - Failed to validate connection com.mysql.cj.jdbc.ConnectionImpl@bbb2a9 (No operations allowed after connection closed.). Possibly consider using a shorter maxLifetime value.
2020-12-02 14:00:00.380 [http-nio-8336-exec-1] WARN  com.zaxxer.hikari.pool.PoolBase - HikariPool-1 - Failed to validate connection com.mysql.cj.jdbc.ConnectionImpl@68374665 (No operations allowed after connection closed.). Possibly consider using a shorter maxLifetime value.
2020-12-02 14:00:00.390 [http-nio-8336-exec-1] WARN  com.zaxxer.hikari.pool.PoolBase - HikariPool-1 - Failed to validate connection com.mysql.cj.jdbc.ConnectionImpl@5577468b (No operations allowed after connection closed.). Possibly consider using a shorter maxLifetime value.
2020-12-02 14:00:00.400 [http-nio-8336-exec-1] WARN  com.zaxxer.hikari.pool.PoolBase - HikariPool-1 - Failed to validate connection com.mysql.cj.jdbc.ConnectionImpl@65a49203 (No operations allowed after connection closed.). Possibly consider using a shorter maxLifetime value.
2020-12-02 14:00:00.414 [http-nio-8336-exec-1] WARN  com.zaxxer.hikari.pool.PoolBase - HikariPool-1 - Failed to validate connection com.mysql.cj.jdbc.ConnectionImpl@38d74ae4 (No operations allowed after connection closed.). Possibly consider using a shorter maxLifetime value.
2020-12-02 14:00:00.425 [http-nio-8336-exec-1] WARN  com.zaxxer.hikari.pool.PoolBase - HikariPool-1 - Failed to validate connection com.mysql.cj.jdbc.ConnectionImpl@6a0127f5 (No operations allowed after connection closed.). Possibly consider using a shorter maxLifetime value.
2020-12-02 14:00:00.436 [http-nio-8336-exec-1] WARN  com.zaxxer.hikari.pool.PoolBase - HikariPool-1 - Failed to validate connection com.mysql.cj.jdbc.ConnectionImpl@52d6720 (No operations allowed after connection closed.). Possibly consider using a shorter maxLifetime value.
2020-12-02 14:00:00.449 [http-nio-8336-exec-1] WARN  com.zaxxer.hikari.pool.PoolBase - HikariPool-1 - Failed to validate connection com.mysql.cj.jdbc.ConnectionImpl@4458c90c (No operations allowed after connection closed.). Possibly consider using a shorter maxLifetime value.
2020-12-02 14:00:00.462 [http-nio-8336-exec-1] WARN  com.zaxxer.hikari.pool.PoolBase - HikariPool-1 - Failed to validate connection com.mysql.cj.jdbc.ConnectionImpl@465a3b09 (No operations allowed after connection closed.). Possibly consider using a shorter maxLifetime value.
2020-12-02 14:53:58.259 [http-nio-8336-exec-2] WARN  com.zaxxer.hikari.pool.PoolBase - HikariPool-1 - Failed to validate connection com.mysql.cj.jdbc.ConnectionImpl@649a4f1d (No operations allowed after connection closed.). Possibly consider using a shorter maxLifetime value.
2020-12-02 14:53:58.286 [http-nio-8336-exec-2] WARN  com.zaxxer.hikari.pool.PoolBase - HikariPool-1 - Failed to validate connection com.mysql.cj.jdbc.ConnectionImpl@3741ba99 (No operations allowed after connection closed.). Possibly consider using a shorter maxLifetime value.
2020-12-02 14:53:58.302 [http-nio-8336-exec-2] WARN  com.zaxxer.hikari.pool.PoolBase - HikariPool-1 - Failed to validate connection com.mysql.cj.jdbc.ConnectionImpl@74aa1f01 (No operations allowed after connection closed.). Possibly consider using a shorter maxLifetime value.
2020-12-02 14:53:58.314 [http-nio-8336-exec-2] WARN  com.zaxxer.hikari.pool.PoolBase - HikariPool-1 - Failed to validate connection com.mysql.cj.jdbc.ConnectionImpl@427e542e (No operations allowed after connection closed.). Possibly consider using a shorter maxLifetime value.
2020-12-02 14:53:58.329 [http-nio-8336-exec-2] WARN  com.zaxxer.hikari.pool.PoolBase - HikariPool-1 - Failed to validate connection com.mysql.cj.jdbc.ConnectionImpl@5ce3c8aa (No operations allowed after connection closed.). Possibly consider using a shorter maxLifetime value.
2020-12-02 14:53:58.361 [http-nio-8336-exec-2] WARN  com.zaxxer.hikari.pool.PoolBase - HikariPool-1 - Failed to validate connection com.mysql.cj.jdbc.ConnectionImpl@72558e4f (No operations allowed after connection closed.). Possibly consider using a shorter maxLifetime value.
2020-12-02 14:53:58.374 [http-nio-8336-exec-2] WARN  com.zaxxer.hikari.pool.PoolBase - HikariPool-1 - Failed to validate connection com.mysql.cj.jdbc.ConnectionImpl@3031be37 (No operations allowed after connection closed.). Possibly consider using a shorter maxLifetime value.
2020-12-02 14:53:58.390 [http-nio-8336-exec-2] WARN  com.zaxxer.hikari.pool.PoolBase - HikariPool-1 - Failed to validate connection com.mysql.cj.jdbc.ConnectionImpl@375c9e30 (No operations allowed after connection closed.). Possibly consider using a shorter maxLifetime value.
2020-12-02 14:53:58.424 [http-nio-8336-exec-2] WARN  com.zaxxer.hikari.pool.PoolBase - HikariPool-1 - Failed to validate connection com.mysql.cj.jdbc.ConnectionImpl@261fb7a4 (No operations allowed after connection closed.). Possibly consider using a shorter maxLifetime value.
2020-12-02 14:53:58.443 [http-nio-8336-exec-2] WARN  com.zaxxer.hikari.pool.PoolBase - HikariPool-1 - Failed to validate connection com.mysql.cj.jdbc.ConnectionImpl@78e662de (No operations allowed after connection closed.). Possibly consider using a shorter maxLifetime value.
2020-12-02 15:01:39.122 [main] WARN  o.s.b.a.o.j.JpaBaseConfiguration$JpaWebConfiguration - spring.jpa.open-in-view is enabled by default. Therefore, database queries may be performed during view rendering. Explicitly configure spring.jpa.open-in-view to disable this warning
2020-12-02 15:01:41.004 [task-1] WARN  com.zaxxer.hikari.util.DriverDataSource - Registered driver with driverClassName=com.mysql.jdbc.Driver was not found, trying direct instantiation.
2020-12-02 15:01:41.339 [main] WARN  o.s.b.a.t.ThymeleafAutoConfiguration$DefaultTemplateResolverConfiguration - Cannot find template location: classpath:/templates/ (please add some templates or check your Thymeleaf configuration)
2020-12-02 15:07:04.213 [main] WARN  o.s.b.a.o.j.JpaBaseConfiguration$JpaWebConfiguration - spring.jpa.open-in-view is enabled by default. Therefore, database queries may be performed during view rendering. Explicitly configure spring.jpa.open-in-view to disable this warning
2020-12-02 15:07:05.241 [task-1] WARN  com.zaxxer.hikari.util.DriverDataSource - Registered driver with driverClassName=com.mysql.jdbc.Driver was not found, trying direct instantiation.
2020-12-02 15:07:05.456 [main] WARN  o.s.b.a.t.ThymeleafAutoConfiguration$DefaultTemplateResolverConfiguration - Cannot find template location: classpath:/templates/ (please add some templates or check your Thymeleaf configuration)
2020-12-02 15:10:26.562 [main] WARN  o.s.b.a.o.j.JpaBaseConfiguration$JpaWebConfiguration - spring.jpa.open-in-view is enabled by default. Therefore, database queries may be performed during view rendering. Explicitly configure spring.jpa.open-in-view to disable this warning
2020-12-02 15:10:27.582 [task-1] WARN  com.zaxxer.hikari.util.DriverDataSource - Registered driver with driverClassName=com.mysql.jdbc.Driver was not found, trying direct instantiation.
2020-12-02 15:10:27.707 [main] WARN  o.s.b.a.t.ThymeleafAutoConfiguration$DefaultTemplateResolverConfiguration - Cannot find template location: classpath:/templates/ (please add some templates or check your Thymeleaf configuration)
2020-12-02 15:16:34.494 [main] WARN  o.s.b.a.o.j.JpaBaseConfiguration$JpaWebConfiguration - spring.jpa.open-in-view is enabled by default. Therefore, database queries may be performed during view rendering. Explicitly configure spring.jpa.open-in-view to disable this warning
2020-12-02 15:16:35.608 [task-1] WARN  com.zaxxer.hikari.util.DriverDataSource - Registered driver with driverClassName=com.mysql.jdbc.Driver was not found, trying direct instantiation.
2020-12-02 15:16:35.788 [main] WARN  o.s.b.a.t.ThymeleafAutoConfiguration$DefaultTemplateResolverConfiguration - Cannot find template location: classpath:/templates/ (please add some templates or check your Thymeleaf configuration)
2020-12-02 15:31:27.866 [http-nio-8336-exec-4] WARN  com.zaxxer.hikari.pool.PoolBase - HikariPool-1 - Failed to validate connection com.mysql.cj.jdbc.ConnectionImpl@63c1dd74 (No operations allowed after connection closed.). Possibly consider using a shorter maxLifetime value.
2020-12-02 15:31:27.881 [http-nio-8336-exec-4] WARN  com.zaxxer.hikari.pool.PoolBase - HikariPool-1 - Failed to validate connection com.mysql.cj.jdbc.ConnectionImpl@64defde3 (No operations allowed after connection closed.). Possibly consider using a shorter maxLifetime value.
2020-12-02 15:31:27.896 [http-nio-8336-exec-4] WARN  com.zaxxer.hikari.pool.PoolBase - HikariPool-1 - Failed to validate connection com.mysql.cj.jdbc.ConnectionImpl@999b671 (No operations allowed after connection closed.). Possibly consider using a shorter maxLifetime value.
2020-12-02 15:31:27.909 [http-nio-8336-exec-4] WARN  com.zaxxer.hikari.pool.PoolBase - HikariPool-1 - Failed to validate connection com.mysql.cj.jdbc.ConnectionImpl@22c7e446 (No operations allowed after connection closed.). Possibly consider using a shorter maxLifetime value.
2020-12-02 15:31:27.958 [http-nio-8336-exec-4] WARN  com.zaxxer.hikari.pool.PoolBase - HikariPool-1 - Failed to validate connection com.mysql.cj.jdbc.ConnectionImpl@66ce3f77 (No operations allowed after connection closed.). Possibly consider using a shorter maxLifetime value.
2020-12-02 15:31:27.974 [http-nio-8336-exec-4] WARN  com.zaxxer.hikari.pool.PoolBase - HikariPool-1 - Failed to validate connection com.mysql.cj.jdbc.ConnectionImpl@75ecf7a8 (No operations allowed after connection closed.). Possibly consider using a shorter maxLifetime value.
2020-12-02 15:31:27.990 [http-nio-8336-exec-4] WARN  com.zaxxer.hikari.pool.PoolBase - HikariPool-1 - Failed to validate connection com.mysql.cj.jdbc.ConnectionImpl@3182fd5a (No operations allowed after connection closed.). Possibly consider using a shorter maxLifetime value.
2020-12-02 15:31:28.003 [http-nio-8336-exec-4] WARN  com.zaxxer.hikari.pool.PoolBase - HikariPool-1 - Failed to validate connection com.mysql.cj.jdbc.ConnectionImpl@2c7adaf8 (No operations allowed after connection closed.). Possibly consider using a shorter maxLifetime value.
2020-12-02 15:31:28.015 [http-nio-8336-exec-4] WARN  com.zaxxer.hikari.pool.PoolBase - HikariPool-1 - Failed to validate connection com.mysql.cj.jdbc.ConnectionImpl@3bd87d87 (No operations allowed after connection closed.). Possibly consider using a shorter maxLifetime value.
2020-12-02 15:31:28.029 [http-nio-8336-exec-4] WARN  com.zaxxer.hikari.pool.PoolBase - HikariPool-1 - Failed to validate connection com.mysql.cj.jdbc.ConnectionImpl@291b9ce3 (No operations allowed after connection closed.). Possibly consider using a shorter maxLifetime value.
2020-12-02 15:37:31.245 [http-nio-8336-exec-9] WARN  o.s.w.s.m.support.DefaultHandlerExceptionResolver - Resolved [org.springframework.web.HttpRequestMethodNotSupportedException: Request method 'GET' not supported]
2020-12-02 15:45:49.222 [HikariPool-1 housekeeper] WARN  com.zaxxer.hikari.pool.HikariPool - HikariPool-1 - Thread starvation or clock leap detected (housekeeper delta=5m12s228ms572µs700ns).
2020-12-02 15:45:49.234 [http-nio-8336-exec-3] WARN  com.zaxxer.hikari.pool.PoolBase - HikariPool-1 - Failed to validate connection com.mysql.cj.jdbc.ConnectionImpl@7e505d8e (No operations allowed after connection closed.). Possibly consider using a shorter maxLifetime value.
2020-12-02 15:45:49.255 [http-nio-8336-exec-3] WARN  com.zaxxer.hikari.pool.PoolBase - HikariPool-1 - Failed to validate connection com.mysql.cj.jdbc.ConnectionImpl@52015f84 (No operations allowed after connection closed.). Possibly consider using a shorter maxLifetime value.
2020-12-02 15:45:49.270 [http-nio-8336-exec-3] WARN  com.zaxxer.hikari.pool.PoolBase - HikariPool-1 - Failed to validate connection com.mysql.cj.jdbc.ConnectionImpl@6b73f1c0 (No operations allowed after connection closed.). Possibly consider using a shorter maxLifetime value.
2020-12-02 15:45:49.287 [http-nio-8336-exec-3] WARN  com.zaxxer.hikari.pool.PoolBase - HikariPool-1 - Failed to validate connection com.mysql.cj.jdbc.ConnectionImpl@17337d0d (No operations allowed after connection closed.). Possibly consider using a shorter maxLifetime value.
2020-12-02 15:45:49.301 [http-nio-8336-exec-3] WARN  com.zaxxer.hikari.pool.PoolBase - HikariPool-1 - Failed to validate connection com.mysql.cj.jdbc.ConnectionImpl@2e4d3980 (No operations allowed after connection closed.). Possibly consider using a shorter maxLifetime value.
2020-12-02 15:45:49.317 [http-nio-8336-exec-3] WARN  com.zaxxer.hikari.pool.PoolBase - HikariPool-1 - Failed to validate connection com.mysql.cj.jdbc.ConnectionImpl@eb6620a (No operations allowed after connection closed.). Possibly consider using a shorter maxLifetime value.
2020-12-02 15:45:49.333 [http-nio-8336-exec-3] WARN  com.zaxxer.hikari.pool.PoolBase - HikariPool-1 - Failed to validate connection com.mysql.cj.jdbc.ConnectionImpl@49f0cb65 (No operations allowed after connection closed.). Possibly consider using a shorter maxLifetime value.
2020-12-02 15:45:49.351 [http-nio-8336-exec-3] WARN  com.zaxxer.hikari.pool.PoolBase - HikariPool-1 - Failed to validate connection com.mysql.cj.jdbc.ConnectionImpl@7adee1d7 (No operations allowed after connection closed.). Possibly consider using a shorter maxLifetime value.
2020-12-02 15:45:49.372 [http-nio-8336-exec-3] WARN  com.zaxxer.hikari.pool.PoolBase - HikariPool-1 - Failed to validate connection com.mysql.cj.jdbc.ConnectionImpl@7552b11e (No operations allowed after connection closed.). Possibly consider using a shorter maxLifetime value.
2020-12-02 15:45:49.398 [http-nio-8336-exec-3] WARN  com.zaxxer.hikari.pool.PoolBase - HikariPool-1 - Failed to validate connection com.mysql.cj.jdbc.ConnectionImpl@48c92b8c (No operations allowed after connection closed.). Possibly consider using a shorter maxLifetime value.
2020-12-02 15:46:29.729 [main] WARN  o.s.b.a.o.j.JpaBaseConfiguration$JpaWebConfiguration - spring.jpa.open-in-view is enabled by default. Therefore, database queries may be performed during view rendering. Explicitly configure spring.jpa.open-in-view to disable this warning
2020-12-02 15:46:30.905 [task-1] WARN  com.zaxxer.hikari.util.DriverDataSource - Registered driver with driverClassName=com.mysql.jdbc.Driver was not found, trying direct instantiation.
2020-12-02 15:46:30.922 [main] WARN  o.s.b.a.t.ThymeleafAutoConfiguration$DefaultTemplateResolverConfiguration - Cannot find template location: classpath:/templates/ (please add some templates or check your Thymeleaf configuration)
2020-12-02 16:16:07.767 [http-nio-8336-exec-10] WARN  com.zaxxer.hikari.pool.PoolBase - HikariPool-1 - Failed to validate connection com.mysql.cj.jdbc.ConnectionImpl@32c3285f (No operations allowed after connection closed.). Possibly consider using a shorter maxLifetime value.
2020-12-02 16:16:07.780 [http-nio-8336-exec-10] WARN  com.zaxxer.hikari.pool.PoolBase - HikariPool-1 - Failed to validate connection com.mysql.cj.jdbc.ConnectionImpl@698c5f20 (No operations allowed after connection closed.). Possibly consider using a shorter maxLifetime value.
2020-12-02 16:16:07.794 [http-nio-8336-exec-10] WARN  com.zaxxer.hikari.pool.PoolBase - HikariPool-1 - Failed to validate connection com.mysql.cj.jdbc.ConnectionImpl@1bce0e30 (No operations allowed after connection closed.). Possibly consider using a shorter maxLifetime value.
2020-12-02 16:36:13.485 [http-nio-8336-exec-1] WARN  com.zaxxer.hikari.pool.PoolBase - HikariPool-1 - Failed to validate connection com.mysql.cj.jdbc.ConnectionImpl@6867cf65 (No operations allowed after connection closed.). Possibly consider using a shorter maxLifetime value.
2020-12-02 16:36:13.498 [http-nio-8336-exec-1] WARN  com.zaxxer.hikari.pool.PoolBase - HikariPool-1 - Failed to validate connection com.mysql.cj.jdbc.ConnectionImpl@60b212da (No operations allowed after connection closed.). Possibly consider using a shorter maxLifetime value.
2020-12-02 16:36:13.514 [http-nio-8336-exec-1] WARN  com.zaxxer.hikari.pool.PoolBase - HikariPool-1 - Failed to validate connection com.mysql.cj.jdbc.ConnectionImpl@3a06c4b5 (No operations allowed after connection closed.). Possibly consider using a shorter maxLifetime value.
2020-12-02 16:36:13.527 [http-nio-8336-exec-1] WARN  com.zaxxer.hikari.pool.PoolBase - HikariPool-1 - Failed to validate connection com.mysql.cj.jdbc.ConnectionImpl@6ccc2877 (No operations allowed after connection closed.). Possibly consider using a shorter maxLifetime value.
2020-12-02 16:36:13.542 [http-nio-8336-exec-1] WARN  com.zaxxer.hikari.pool.PoolBase - HikariPool-1 - Failed to validate connection com.mysql.cj.jdbc.ConnectionImpl@29f3f2af (No operations allowed after connection closed.). Possibly consider using a shorter maxLifetime value.
2020-12-02 16:36:13.559 [http-nio-8336-exec-1] WARN  com.zaxxer.hikari.pool.PoolBase - HikariPool-1 - Failed to validate connection com.mysql.cj.jdbc.ConnectionImpl@59271189 (No operations allowed after connection closed.). Possibly consider using a shorter maxLifetime value.
2020-12-02 16:36:13.572 [http-nio-8336-exec-1] WARN  com.zaxxer.hikari.pool.PoolBase - HikariPool-1 - Failed to validate connection com.mysql.cj.jdbc.ConnectionImpl@55884574 (No operations allowed after connection closed.). Possibly consider using a shorter maxLifetime value.
2020-12-02 16:36:13.584 [http-nio-8336-exec-1] WARN  com.zaxxer.hikari.pool.PoolBase - HikariPool-1 - Failed to validate connection com.mysql.cj.jdbc.ConnectionImpl@580a5022 (No operations allowed after connection closed.). Possibly consider using a shorter maxLifetime value.
2020-12-02 16:36:13.601 [http-nio-8336-exec-1] WARN  com.zaxxer.hikari.pool.PoolBase - HikariPool-1 - Failed to validate connection com.mysql.cj.jdbc.ConnectionImpl@6edab706 (No operations allowed after connection closed.). Possibly consider using a shorter maxLifetime value.
2020-12-02 16:36:13.621 [http-nio-8336-exec-1] WARN  com.zaxxer.hikari.pool.PoolBase - HikariPool-1 - Failed to validate connection com.mysql.cj.jdbc.ConnectionImpl@f90580d (No operations allowed after connection closed.). Possibly consider using a shorter maxLifetime value.
2020-12-02 17:18:50.417 [main] WARN  o.s.b.a.o.j.JpaBaseConfiguration$JpaWebConfiguration - spring.jpa.open-in-view is enabled by default. Therefore, database queries may be performed during view rendering. Explicitly configure spring.jpa.open-in-view to disable this warning
2020-12-02 17:18:51.556 [task-1] WARN  com.zaxxer.hikari.util.DriverDataSource - Registered driver with driverClassName=com.mysql.jdbc.Driver was not found, trying direct instantiation.
2020-12-02 17:18:51.619 [main] WARN  o.s.b.a.t.ThymeleafAutoConfiguration$DefaultTemplateResolverConfiguration - Cannot find template location: classpath:/templates/ (please add some templates or check your Thymeleaf configuration)
2020-12-02 17:28:54.934 [http-nio-8336-exec-7] WARN  com.zaxxer.hikari.pool.PoolBase - HikariPool-1 - Failed to validate connection com.mysql.cj.jdbc.ConnectionImpl@37d00b8e (No operations allowed after connection closed.). Possibly consider using a shorter maxLifetime value.
2020-12-02 17:28:54.952 [http-nio-8336-exec-7] WARN  com.zaxxer.hikari.pool.PoolBase - HikariPool-1 - Failed to validate connection com.mysql.cj.jdbc.ConnectionImpl@5ac7a99a (No operations allowed after connection closed.). Possibly consider using a shorter maxLifetime value.
2020-12-02 17:28:54.963 [http-nio-8336-exec-7] WARN  com.zaxxer.hikari.pool.PoolBase - HikariPool-1 - Failed to validate connection com.mysql.cj.jdbc.ConnectionImpl@6dfc4537 (No operations allowed after connection closed.). Possibly consider using a shorter maxLifetime value.
2020-12-02 17:28:54.975 [http-nio-8336-exec-7] WARN  com.zaxxer.hikari.pool.PoolBase - HikariPool-1 - Failed to validate connection com.mysql.cj.jdbc.ConnectionImpl@51ae25dd (No operations allowed after connection closed.). Possibly consider using a shorter maxLifetime value.
2020-12-02 17:28:54.988 [http-nio-8336-exec-7] WARN  com.zaxxer.hikari.pool.PoolBase - HikariPool-1 - Failed to validate connection com.mysql.cj.jdbc.ConnectionImpl@23aa3aed (No operations allowed after connection closed.). Possibly consider using a shorter maxLifetime value.
2020-12-02 17:28:54.999 [http-nio-8336-exec-7] WARN  com.zaxxer.hikari.pool.PoolBase - HikariPool-1 - Failed to validate connection com.mysql.cj.jdbc.ConnectionImpl@44c6cc7b (No operations allowed after connection closed.). Possibly consider using a shorter maxLifetime value.
2020-12-02 17:28:55.014 [http-nio-8336-exec-7] WARN  com.zaxxer.hikari.pool.PoolBase - HikariPool-1 - Failed to validate connection com.mysql.cj.jdbc.ConnectionImpl@4b9cfc29 (No operations allowed after connection closed.). Possibly consider using a shorter maxLifetime value.
2020-12-02 17:28:55.030 [http-nio-8336-exec-7] WARN  com.zaxxer.hikari.pool.PoolBase - HikariPool-1 - Failed to validate connection com.mysql.cj.jdbc.ConnectionImpl@6bbcb84a (No operations allowed after connection closed.). Possibly consider using a shorter maxLifetime value.
2020-12-02 17:28:55.074 [http-nio-8336-exec-7] WARN  com.zaxxer.hikari.pool.PoolBase - HikariPool-1 - Failed to validate connection com.mysql.cj.jdbc.ConnectionImpl@19b38a82 (No operations allowed after connection closed.). Possibly consider using a shorter maxLifetime value.
2020-12-02 17:28:55.090 [http-nio-8336-exec-7] WARN  com.zaxxer.hikari.pool.PoolBase - HikariPool-1 - Failed to validate connection com.mysql.cj.jdbc.ConnectionImpl@6be428db (No operations allowed after connection closed.). Possibly consider using a shorter maxLifetime value.
2020-12-02 17:38:33.679 [http-nio-8336-exec-10] WARN  com.zaxxer.hikari.pool.PoolBase - HikariPool-1 - Failed to validate connection com.mysql.cj.jdbc.ConnectionImpl@3968ed11 (No operations allowed after connection closed.). Possibly consider using a shorter maxLifetime value.
2020-12-02 17:38:33.696 [http-nio-8336-exec-10] WARN  com.zaxxer.hikari.pool.PoolBase - HikariPool-1 - Failed to validate connection com.mysql.cj.jdbc.ConnectionImpl@19c593b4 (No operations allowed after connection closed.). Possibly consider using a shorter maxLifetime value.
2020-12-02 17:38:33.710 [http-nio-8336-exec-10] WARN  com.zaxxer.hikari.pool.PoolBase - HikariPool-1 - Failed to validate connection com.mysql.cj.jdbc.ConnectionImpl@1969c6e (No operations allowed after connection closed.). Possibly consider using a shorter maxLifetime value.
2020-12-02 17:38:33.722 [http-nio-8336-exec-10] WARN  com.zaxxer.hikari.pool.PoolBase - HikariPool-1 - Failed to validate connection com.mysql.cj.jdbc.ConnectionImpl@7f68f928 (No operations allowed after connection closed.). Possibly consider using a shorter maxLifetime value.
2020-12-02 17:38:33.738 [http-nio-8336-exec-10] WARN  com.zaxxer.hikari.pool.PoolBase - HikariPool-1 - Failed to validate connection com.mysql.cj.jdbc.ConnectionImpl@7f1d49d8 (No operations allowed after connection closed.). Possibly consider using a shorter maxLifetime value.
2020-12-02 17:38:33.752 [http-nio-8336-exec-10] WARN  com.zaxxer.hikari.pool.PoolBase - HikariPool-1 - Failed to validate connection com.mysql.cj.jdbc.ConnectionImpl@47a9ba17 (No operations allowed after connection closed.). Possibly consider using a shorter maxLifetime value.
2020-12-02 17:38:33.767 [http-nio-8336-exec-10] WARN  com.zaxxer.hikari.pool.PoolBase - HikariPool-1 - Failed to validate connection com.mysql.cj.jdbc.ConnectionImpl@526f68b3 (No operations allowed after connection closed.). Possibly consider using a shorter maxLifetime value.
2020-12-02 17:38:33.779 [http-nio-8336-exec-10] WARN  com.zaxxer.hikari.pool.PoolBase - HikariPool-1 - Failed to validate connection com.mysql.cj.jdbc.ConnectionImpl@19b9a28f (No operations allowed after connection closed.). Possibly consider using a shorter maxLifetime value.
2020-12-02 17:38:33.794 [http-nio-8336-exec-10] WARN  com.zaxxer.hikari.pool.PoolBase - HikariPool-1 - Failed to validate connection com.mysql.cj.jdbc.ConnectionImpl@6398c7f5 (No operations allowed after connection closed.). Possibly consider using a shorter maxLifetime value.
2020-12-02 17:38:33.810 [http-nio-8336-exec-10] WARN  com.zaxxer.hikari.pool.PoolBase - HikariPool-1 - Failed to validate connection com.mysql.cj.jdbc.ConnectionImpl@69ebb093 (No operations allowed after connection closed.). Possibly consider using a shorter maxLifetime value.
2020-12-02 17:59:25.849 [http-nio-8336-exec-7] WARN  com.zaxxer.hikari.pool.PoolBase - HikariPool-1 - Failed to validate connection com.mysql.cj.jdbc.ConnectionImpl@20106c97 (No operations allowed after connection closed.). Possibly consider using a shorter maxLifetime value.
2020-12-02 17:59:25.862 [http-nio-8336-exec-7] WARN  com.zaxxer.hikari.pool.PoolBase - HikariPool-1 - Failed to validate connection com.mysql.cj.jdbc.ConnectionImpl@186d4fa8 (No operations allowed after connection closed.). Possibly consider using a shorter maxLifetime value.
2020-12-02 17:59:25.875 [http-nio-8336-exec-7] WARN  com.zaxxer.hikari.pool.PoolBase - HikariPool-1 - Failed to validate connection com.mysql.cj.jdbc.ConnectionImpl@4ff97804 (No operations allowed after connection closed.). Possibly consider using a shorter maxLifetime value.
2020-12-02 17:59:25.899 [http-nio-8336-exec-7] WARN  com.zaxxer.hikari.pool.PoolBase - HikariPool-1 - Failed to validate connection com.mysql.cj.jdbc.ConnectionImpl@6c2ed1b8 (No operations allowed after connection closed.). Possibly consider using a shorter maxLifetime value.
2020-12-02 17:59:25.917 [http-nio-8336-exec-7] WARN  com.zaxxer.hikari.pool.PoolBase - HikariPool-1 - Failed to validate connection com.mysql.cj.jdbc.ConnectionImpl@2907c475 (No operations allowed after connection closed.). Possibly consider using a shorter maxLifetime value.
2020-12-02 17:59:25.930 [http-nio-8336-exec-7] WARN  com.zaxxer.hikari.pool.PoolBase - HikariPool-1 - Failed to validate connection com.mysql.cj.jdbc.ConnectionImpl@5be5cef2 (No operations allowed after connection closed.). Possibly consider using a shorter maxLifetime value.
2020-12-02 17:59:25.948 [http-nio-8336-exec-7] WARN  com.zaxxer.hikari.pool.PoolBase - HikariPool-1 - Failed to validate connection com.mysql.cj.jdbc.ConnectionImpl@5f58a4d2 (No operations allowed after connection closed.). Possibly consider using a shorter maxLifetime value.
2020-12-02 17:59:25.964 [http-nio-8336-exec-7] WARN  com.zaxxer.hikari.pool.PoolBase - HikariPool-1 - Failed to validate connection com.mysql.cj.jdbc.ConnectionImpl@45610d90 (No operations allowed after connection closed.). Possibly consider using a shorter maxLifetime value.
2020-12-02 17:59:25.977 [http-nio-8336-exec-7] WARN  com.zaxxer.hikari.pool.PoolBase - HikariPool-1 - Failed to validate connection com.mysql.cj.jdbc.ConnectionImpl@52d24d25 (No operations allowed after connection closed.). Possibly consider using a shorter maxLifetime value.
2020-12-02 17:59:25.990 [http-nio-8336-exec-7] WARN  com.zaxxer.hikari.pool.PoolBase - HikariPool-1 - Failed to validate connection com.mysql.cj.jdbc.ConnectionImpl@27359bd3 (No operations allowed after connection closed.). Possibly consider using a shorter maxLifetime value.
2020-12-02 18:13:45.883 [http-nio-8336-exec-10] WARN  com.zaxxer.hikari.pool.PoolBase - HikariPool-1 - Failed to validate connection com.mysql.cj.jdbc.ConnectionImpl@71366cd2 (No operations allowed after connection closed.). Possibly consider using a shorter maxLifetime value.
2020-12-02 18:13:45.899 [http-nio-8336-exec-10] WARN  com.zaxxer.hikari.pool.PoolBase - HikariPool-1 - Failed to validate connection com.mysql.cj.jdbc.ConnectionImpl@6ac712a8 (No operations allowed after connection closed.). Possibly consider using a shorter maxLifetime value.
2020-12-02 18:13:45.911 [http-nio-8336-exec-10] WARN  com.zaxxer.hikari.pool.PoolBase - HikariPool-1 - Failed to validate connection com.mysql.cj.jdbc.ConnectionImpl@5975b74e (No operations allowed after connection closed.). Possibly consider using a shorter maxLifetime value.
2020-12-02 18:13:45.928 [http-nio-8336-exec-10] WARN  com.zaxxer.hikari.pool.PoolBase - HikariPool-1 - Failed to validate connection com.mysql.cj.jdbc.ConnectionImpl@1be7004e (No operations allowed after connection closed.). Possibly consider using a shorter maxLifetime value.
2020-12-02 18:13:45.941 [http-nio-8336-exec-10] WARN  com.zaxxer.hikari.pool.PoolBase - HikariPool-1 - Failed to validate connection com.mysql.cj.jdbc.ConnectionImpl@2118e65d (No operations allowed after connection closed.). Possibly consider using a shorter maxLifetime value.
2020-12-02 18:13:45.955 [http-nio-8336-exec-10] WARN  com.zaxxer.hikari.pool.PoolBase - HikariPool-1 - Failed to validate connection com.mysql.cj.jdbc.ConnectionImpl@7398e284 (No operations allowed after connection closed.). Possibly consider using a shorter maxLifetime value.
2020-12-02 18:13:45.971 [http-nio-8336-exec-10] WARN  com.zaxxer.hikari.pool.PoolBase - HikariPool-1 - Failed to validate connection com.mysql.cj.jdbc.ConnectionImpl@723f47e (No operations allowed after connection closed.). Possibly consider using a shorter maxLifetime value.
2020-12-02 18:13:45.986 [http-nio-8336-exec-10] WARN  com.zaxxer.hikari.pool.PoolBase - HikariPool-1 - Failed to validate connection com.mysql.cj.jdbc.ConnectionImpl@24e571a4 (No operations allowed after connection closed.). Possibly consider using a shorter maxLifetime value.
2020-12-02 18:13:46.014 [http-nio-8336-exec-10] WARN  com.zaxxer.hikari.pool.PoolBase - HikariPool-1 - Failed to validate connection com.mysql.cj.jdbc.ConnectionImpl@4229416b (No operations allowed after connection closed.). Possibly consider using a shorter maxLifetime value.
2020-12-02 18:13:46.029 [http-nio-8336-exec-10] WARN  com.zaxxer.hikari.pool.PoolBase - HikariPool-1 - Failed to validate connection com.mysql.cj.jdbc.ConnectionImpl@76910768 (No operations allowed after connection closed.). Possibly consider using a shorter maxLifetime value.
2020-12-02 18:16:34.411 [main] WARN  o.s.b.a.o.j.JpaBaseConfiguration$JpaWebConfiguration - spring.jpa.open-in-view is enabled by default. Therefore, database queries may be performed during view rendering. Explicitly configure spring.jpa.open-in-view to disable this warning
2020-12-02 18:16:35.647 [main] WARN  o.s.b.a.t.ThymeleafAutoConfiguration$DefaultTemplateResolverConfiguration - Cannot find template location: classpath:/templates/ (please add some templates or check your Thymeleaf configuration)
2020-12-02 18:16:35.702 [task-1] WARN  com.zaxxer.hikari.util.DriverDataSource - Registered driver with driverClassName=com.mysql.jdbc.Driver was not found, trying direct instantiation.
2020-12-02 18:41:45.003 [http-nio-8336-exec-4] WARN  com.zaxxer.hikari.pool.PoolBase - HikariPool-1 - Failed to validate connection com.mysql.cj.jdbc.ConnectionImpl@21e4423b (No operations allowed after connection closed.). Possibly consider using a shorter maxLifetime value.
2020-12-02 18:41:45.020 [http-nio-8336-exec-4] WARN  com.zaxxer.hikari.pool.PoolBase - HikariPool-1 - Failed to validate connection com.mysql.cj.jdbc.ConnectionImpl@25fd7363 (No operations allowed after connection closed.). Possibly consider using a shorter maxLifetime value.
2020-12-02 18:41:45.033 [http-nio-8336-exec-4] WARN  com.zaxxer.hikari.pool.PoolBase - HikariPool-1 - Failed to validate connection com.mysql.cj.jdbc.ConnectionImpl@260b087d (No operations allowed after connection closed.). Possibly consider using a shorter maxLifetime value.
2020-12-02 18:41:45.045 [http-nio-8336-exec-4] WARN  com.zaxxer.hikari.pool.PoolBase - HikariPool-1 - Failed to validate connection com.mysql.cj.jdbc.ConnectionImpl@4a608f44 (No operations allowed after connection closed.). Possibly consider using a shorter maxLifetime value.
2020-12-02 18:41:45.061 [http-nio-8336-exec-4] WARN  com.zaxxer.hikari.pool.PoolBase - HikariPool-1 - Failed to validate connection com.mysql.cj.jdbc.ConnectionImpl@87f7eb3 (No operations allowed after connection closed.). Possibly consider using a shorter maxLifetime value.
2020-12-02 18:41:45.074 [http-nio-8336-exec-4] WARN  com.zaxxer.hikari.pool.PoolBase - HikariPool-1 - Failed to validate connection com.mysql.cj.jdbc.ConnectionImpl@465772b4 (No operations allowed after connection closed.). Possibly consider using a shorter maxLifetime value.
2020-12-02 18:41:45.086 [http-nio-8336-exec-4] WARN  com.zaxxer.hikari.pool.PoolBase - HikariPool-1 - Failed to validate connection com.mysql.cj.jdbc.ConnectionImpl@38e1d2e3 (No operations allowed after connection closed.). Possibly consider using a shorter maxLifetime value.
2020-12-02 18:41:45.102 [http-nio-8336-exec-4] WARN  com.zaxxer.hikari.pool.PoolBase - HikariPool-1 - Failed to validate connection com.mysql.cj.jdbc.ConnectionImpl@76b57014 (No operations allowed after connection closed.). Possibly consider using a shorter maxLifetime value.
2020-12-02 18:41:45.118 [http-nio-8336-exec-4] WARN  com.zaxxer.hikari.pool.PoolBase - HikariPool-1 - Failed to validate connection com.mysql.cj.jdbc.ConnectionImpl@5cc0297 (No operations allowed after connection closed.). Possibly consider using a shorter maxLifetime value.
2020-12-02 18:41:45.130 [http-nio-8336-exec-4] WARN  com.zaxxer.hikari.pool.PoolBase - HikariPool-1 - Failed to validate connection com.mysql.cj.jdbc.ConnectionImpl@78f31248 (No operations allowed after connection closed.). Possibly consider using a shorter maxLifetime value.
