2020-12-03 11:02:24.480 [http-nio-8336-exec-10] WARN  com.zaxxer.hikari.pool.PoolBase - HikariPool-1 - Failed to validate connection com.mysql.cj.jdbc.ConnectionImpl@69cab6f1 (No operations allowed after connection closed.). Possibly consider using a shorter maxLifetime value.
2020-12-03 11:08:22.408 [http-nio-8336-exec-1] WARN  com.zaxxer.hikari.pool.PoolBase - HikariPool-1 - Failed to validate connection com.mysql.cj.jdbc.ConnectionImpl@19bb36f8 (No operations allowed after connection closed.). Possibly consider using a shorter maxLifetime value.
2020-12-03 11:08:22.423 [http-nio-8336-exec-1] WARN  com.zaxxer.hikari.pool.PoolBase - HikariPool-1 - Failed to validate connection com.mysql.cj.jdbc.ConnectionImpl@63d8ff74 (No operations allowed after connection closed.). Possibly consider using a shorter maxLifetime value.
2020-12-03 11:08:22.435 [http-nio-8336-exec-1] WARN  com.zaxxer.hikari.pool.PoolBase - HikariPool-1 - Failed to validate connection com.mysql.cj.jdbc.ConnectionImpl@289f0b82 (No operations allowed after connection closed.). Possibly consider using a shorter maxLifetime value.
2020-12-03 11:08:22.453 [http-nio-8336-exec-1] WARN  com.zaxxer.hikari.pool.PoolBase - HikariPool-1 - Failed to validate connection com.mysql.cj.jdbc.ConnectionImpl@68d3f49f (No operations allowed after connection closed.). Possibly consider using a shorter maxLifetime value.
2020-12-03 11:08:22.478 [http-nio-8336-exec-1] WARN  com.zaxxer.hikari.pool.PoolBase - HikariPool-1 - Failed to validate connection com.mysql.cj.jdbc.ConnectionImpl@7e1dfd39 (No operations allowed after connection closed.). Possibly consider using a shorter maxLifetime value.
2020-12-03 11:08:22.491 [http-nio-8336-exec-1] WARN  com.zaxxer.hikari.pool.PoolBase - HikariPool-1 - Failed to validate connection com.mysql.cj.jdbc.ConnectionImpl@99d9969 (No operations allowed after connection closed.). Possibly consider using a shorter maxLifetime value.
2020-12-03 11:08:22.514 [http-nio-8336-exec-1] WARN  com.zaxxer.hikari.pool.PoolBase - HikariPool-1 - Failed to validate connection com.mysql.cj.jdbc.ConnectionImpl@49bcecd4 (No operations allowed after connection closed.). Possibly consider using a shorter maxLifetime value.
2020-12-03 11:08:22.529 [http-nio-8336-exec-1] WARN  com.zaxxer.hikari.pool.PoolBase - HikariPool-1 - Failed to validate connection com.mysql.cj.jdbc.ConnectionImpl@16eed0aa (No operations allowed after connection closed.). Possibly consider using a shorter maxLifetime value.
2020-12-03 11:08:22.548 [http-nio-8336-exec-1] WARN  com.zaxxer.hikari.pool.PoolBase - HikariPool-1 - Failed to validate connection com.mysql.cj.jdbc.ConnectionImpl@70b037b (No operations allowed after connection closed.). Possibly consider using a shorter maxLifetime value.
2020-12-03 11:08:22.560 [http-nio-8336-exec-1] WARN  com.zaxxer.hikari.pool.PoolBase - HikariPool-1 - Failed to validate connection com.mysql.cj.jdbc.ConnectionImpl@62b89422 (No operations allowed after connection closed.). Possibly consider using a shorter maxLifetime value.
2020-12-03 11:37:53.027 [http-nio-8336-exec-10] WARN  com.zaxxer.hikari.pool.PoolBase - HikariPool-1 - Failed to validate connection com.mysql.cj.jdbc.ConnectionImpl@777427de (No operations allowed after connection closed.). Possibly consider using a shorter maxLifetime value.
2020-12-03 11:37:53.044 [http-nio-8336-exec-10] WARN  com.zaxxer.hikari.pool.PoolBase - HikariPool-1 - Failed to validate connection com.mysql.cj.jdbc.ConnectionImpl@9c2c261 (No operations allowed after connection closed.). Possibly consider using a shorter maxLifetime value.
2020-12-03 11:37:53.061 [http-nio-8336-exec-10] WARN  com.zaxxer.hikari.pool.PoolBase - HikariPool-1 - Failed to validate connection com.mysql.cj.jdbc.ConnectionImpl@4e1e3a5c (No operations allowed after connection closed.). Possibly consider using a shorter maxLifetime value.
2020-12-03 11:37:53.079 [http-nio-8336-exec-10] WARN  com.zaxxer.hikari.pool.PoolBase - HikariPool-1 - Failed to validate connection com.mysql.cj.jdbc.ConnectionImpl@1d6821a (No operations allowed after connection closed.). Possibly consider using a shorter maxLifetime value.
2020-12-03 11:44:44.951 [http-nio-8336-exec-6] WARN  com.zaxxer.hikari.pool.PoolBase - HikariPool-1 - Failed to validate connection com.mysql.cj.jdbc.ConnectionImpl@31126aa (No operations allowed after connection closed.). Possibly consider using a shorter maxLifetime value.
2020-12-03 11:44:44.970 [http-nio-8336-exec-6] WARN  com.zaxxer.hikari.pool.PoolBase - HikariPool-1 - Failed to validate connection com.mysql.cj.jdbc.ConnectionImpl@7ccd5c7 (No operations allowed after connection closed.). Possibly consider using a shorter maxLifetime value.
2020-12-03 11:44:45.000 [http-nio-8336-exec-6] WARN  com.zaxxer.hikari.pool.PoolBase - HikariPool-1 - Failed to validate connection com.mysql.cj.jdbc.ConnectionImpl@67eaabef (No operations allowed after connection closed.). Possibly consider using a shorter maxLifetime value.
2020-12-03 11:44:45.025 [http-nio-8336-exec-6] WARN  com.zaxxer.hikari.pool.PoolBase - HikariPool-1 - Failed to validate connection com.mysql.cj.jdbc.ConnectionImpl@6dc4f5ce (No operations allowed after connection closed.). Possibly consider using a shorter maxLifetime value.
2020-12-03 11:44:45.042 [http-nio-8336-exec-6] WARN  com.zaxxer.hikari.pool.PoolBase - HikariPool-1 - Failed to validate connection com.mysql.cj.jdbc.ConnectionImpl@1c116e72 (No operations allowed after connection closed.). Possibly consider using a shorter maxLifetime value.
2020-12-03 11:44:45.055 [http-nio-8336-exec-6] WARN  com.zaxxer.hikari.pool.PoolBase - HikariPool-1 - Failed to validate connection com.mysql.cj.jdbc.ConnectionImpl@7d12e2da (No operations allowed after connection closed.). Possibly consider using a shorter maxLifetime value.
2020-12-03 11:44:45.078 [http-nio-8336-exec-6] WARN  com.zaxxer.hikari.pool.PoolBase - HikariPool-1 - Failed to validate connection com.mysql.cj.jdbc.ConnectionImpl@4f958b44 (No operations allowed after connection closed.). Possibly consider using a shorter maxLifetime value.
2020-12-03 11:44:45.098 [http-nio-8336-exec-6] WARN  com.zaxxer.hikari.pool.PoolBase - HikariPool-1 - Failed to validate connection com.mysql.cj.jdbc.ConnectionImpl@5b56dfd (No operations allowed after connection closed.). Possibly consider using a shorter maxLifetime value.
2020-12-03 11:44:45.120 [http-nio-8336-exec-6] WARN  com.zaxxer.hikari.pool.PoolBase - HikariPool-1 - Failed to validate connection com.mysql.cj.jdbc.ConnectionImpl@1240f1c7 (No operations allowed after connection closed.). Possibly consider using a shorter maxLifetime value.
2020-12-03 11:44:45.136 [http-nio-8336-exec-6] WARN  com.zaxxer.hikari.pool.PoolBase - HikariPool-1 - Failed to validate connection com.mysql.cj.jdbc.ConnectionImpl@78aed567 (No operations allowed after connection closed.). Possibly consider using a shorter maxLifetime value.
2020-12-03 14:18:18.674 [http-nio-8336-exec-6] WARN  com.zaxxer.hikari.pool.PoolBase - HikariPool-1 - Failed to validate connection com.mysql.cj.jdbc.ConnectionImpl@7109552c (No operations allowed after connection closed.). Possibly consider using a shorter maxLifetime value.
2020-12-03 14:18:18.689 [http-nio-8336-exec-6] WARN  com.zaxxer.hikari.pool.PoolBase - HikariPool-1 - Failed to validate connection com.mysql.cj.jdbc.ConnectionImpl@224e2ee4 (No operations allowed after connection closed.). Possibly consider using a shorter maxLifetime value.
2020-12-03 14:18:18.700 [http-nio-8336-exec-6] WARN  com.zaxxer.hikari.pool.PoolBase - HikariPool-1 - Failed to validate connection com.mysql.cj.jdbc.ConnectionImpl@53d3a9cb (No operations allowed after connection closed.). Possibly consider using a shorter maxLifetime value.
2020-12-03 14:18:18.716 [http-nio-8336-exec-6] WARN  com.zaxxer.hikari.pool.PoolBase - HikariPool-1 - Failed to validate connection com.mysql.cj.jdbc.ConnectionImpl@684836a8 (No operations allowed after connection closed.). Possibly consider using a shorter maxLifetime value.
2020-12-03 14:18:18.736 [http-nio-8336-exec-6] WARN  com.zaxxer.hikari.pool.PoolBase - HikariPool-1 - Failed to validate connection com.mysql.cj.jdbc.ConnectionImpl@549d66bd (No operations allowed after connection closed.). Possibly consider using a shorter maxLifetime value.
2020-12-03 14:18:18.750 [http-nio-8336-exec-6] WARN  com.zaxxer.hikari.pool.PoolBase - HikariPool-1 - Failed to validate connection com.mysql.cj.jdbc.ConnectionImpl@7f75bc4 (No operations allowed after connection closed.). Possibly consider using a shorter maxLifetime value.
2020-12-03 14:44:49.036 [http-nio-8336-exec-10] WARN  com.zaxxer.hikari.pool.PoolBase - HikariPool-1 - Failed to validate connection com.mysql.cj.jdbc.ConnectionImpl@fe8629d (No operations allowed after connection closed.). Possibly consider using a shorter maxLifetime value.
2020-12-03 14:44:49.054 [http-nio-8336-exec-10] WARN  com.zaxxer.hikari.pool.PoolBase - HikariPool-1 - Failed to validate connection com.mysql.cj.jdbc.ConnectionImpl@63253d3c (No operations allowed after connection closed.). Possibly consider using a shorter maxLifetime value.
2020-12-03 14:44:49.069 [http-nio-8336-exec-10] WARN  com.zaxxer.hikari.pool.PoolBase - HikariPool-1 - Failed to validate connection com.mysql.cj.jdbc.ConnectionImpl@3d45f5c9 (No operations allowed after connection closed.). Possibly consider using a shorter maxLifetime value.
2020-12-03 14:44:49.081 [http-nio-8336-exec-10] WARN  com.zaxxer.hikari.pool.PoolBase - HikariPool-1 - Failed to validate connection com.mysql.cj.jdbc.ConnectionImpl@71759476 (No operations allowed after connection closed.). Possibly consider using a shorter maxLifetime value.
2020-12-03 14:44:49.096 [http-nio-8336-exec-10] WARN  com.zaxxer.hikari.pool.PoolBase - HikariPool-1 - Failed to validate connection com.mysql.cj.jdbc.ConnectionImpl@392754ba (No operations allowed after connection closed.). Possibly consider using a shorter maxLifetime value.
2020-12-03 14:44:49.108 [http-nio-8336-exec-10] WARN  com.zaxxer.hikari.pool.PoolBase - HikariPool-1 - Failed to validate connection com.mysql.cj.jdbc.ConnectionImpl@7321527f (No operations allowed after connection closed.). Possibly consider using a shorter maxLifetime value.
2020-12-03 15:03:17.260 [http-nio-8336-exec-6] WARN  com.zaxxer.hikari.pool.PoolBase - HikariPool-1 - Failed to validate connection com.mysql.cj.jdbc.ConnectionImpl@73a1ffc0 (No operations allowed after connection closed.). Possibly consider using a shorter maxLifetime value.
2020-12-03 15:03:17.274 [http-nio-8336-exec-6] WARN  com.zaxxer.hikari.pool.PoolBase - HikariPool-1 - Failed to validate connection com.mysql.cj.jdbc.ConnectionImpl@7518fba3 (No operations allowed after connection closed.). Possibly consider using a shorter maxLifetime value.
2020-12-03 15:03:17.289 [http-nio-8336-exec-6] WARN  com.zaxxer.hikari.pool.PoolBase - HikariPool-1 - Failed to validate connection com.mysql.cj.jdbc.ConnectionImpl@507886 (No operations allowed after connection closed.). Possibly consider using a shorter maxLifetime value.
2020-12-03 15:03:17.304 [http-nio-8336-exec-6] WARN  com.zaxxer.hikari.pool.PoolBase - HikariPool-1 - Failed to validate connection com.mysql.cj.jdbc.ConnectionImpl@7cf3d8b3 (No operations allowed after connection closed.). Possibly consider using a shorter maxLifetime value.
2020-12-03 15:03:17.318 [http-nio-8336-exec-6] WARN  com.zaxxer.hikari.pool.PoolBase - HikariPool-1 - Failed to validate connection com.mysql.cj.jdbc.ConnectionImpl@65c9aa7 (No operations allowed after connection closed.). Possibly consider using a shorter maxLifetime value.
2020-12-03 15:03:17.333 [http-nio-8336-exec-6] WARN  com.zaxxer.hikari.pool.PoolBase - HikariPool-1 - Failed to validate connection com.mysql.cj.jdbc.ConnectionImpl@342bac2c (No operations allowed after connection closed.). Possibly consider using a shorter maxLifetime value.
2020-12-03 15:03:17.347 [http-nio-8336-exec-6] WARN  com.zaxxer.hikari.pool.PoolBase - HikariPool-1 - Failed to validate connection com.mysql.cj.jdbc.ConnectionImpl@373c7667 (No operations allowed after connection closed.). Possibly consider using a shorter maxLifetime value.
2020-12-03 15:03:17.359 [http-nio-8336-exec-6] WARN  com.zaxxer.hikari.pool.PoolBase - HikariPool-1 - Failed to validate connection com.mysql.cj.jdbc.ConnectionImpl@55681673 (No operations allowed after connection closed.). Possibly consider using a shorter maxLifetime value.
2020-12-03 15:03:17.373 [http-nio-8336-exec-6] WARN  com.zaxxer.hikari.pool.PoolBase - HikariPool-1 - Failed to validate connection com.mysql.cj.jdbc.ConnectionImpl@378327db (No operations allowed after connection closed.). Possibly consider using a shorter maxLifetime value.
2020-12-03 15:03:17.387 [http-nio-8336-exec-6] WARN  com.zaxxer.hikari.pool.PoolBase - HikariPool-1 - Failed to validate connection com.mysql.cj.jdbc.ConnectionImpl@1f352984 (No operations allowed after connection closed.). Possibly consider using a shorter maxLifetime value.
2020-12-03 15:11:53.377 [http-nio-8336-exec-10] WARN  com.zaxxer.hikari.pool.PoolBase - HikariPool-1 - Failed to validate connection com.mysql.cj.jdbc.ConnectionImpl@4eea0d81 (No operations allowed after connection closed.). Possibly consider using a shorter maxLifetime value.
2020-12-03 15:11:53.389 [http-nio-8336-exec-10] WARN  com.zaxxer.hikari.pool.PoolBase - HikariPool-1 - Failed to validate connection com.mysql.cj.jdbc.ConnectionImpl@689ad45e (No operations allowed after connection closed.). Possibly consider using a shorter maxLifetime value.
2020-12-03 15:11:53.408 [http-nio-8336-exec-10] WARN  com.zaxxer.hikari.pool.PoolBase - HikariPool-1 - Failed to validate connection com.mysql.cj.jdbc.ConnectionImpl@6079dc9 (No operations allowed after connection closed.). Possibly consider using a shorter maxLifetime value.
2020-12-03 15:11:53.428 [http-nio-8336-exec-10] WARN  com.zaxxer.hikari.pool.PoolBase - HikariPool-1 - Failed to validate connection com.mysql.cj.jdbc.ConnectionImpl@189f0e8d (No operations allowed after connection closed.). Possibly consider using a shorter maxLifetime value.
2020-12-03 15:11:53.454 [http-nio-8336-exec-10] WARN  com.zaxxer.hikari.pool.PoolBase - HikariPool-1 - Failed to validate connection com.mysql.cj.jdbc.ConnectionImpl@25643d0b (No operations allowed after connection closed.). Possibly consider using a shorter maxLifetime value.
2020-12-03 15:11:53.475 [http-nio-8336-exec-10] WARN  com.zaxxer.hikari.pool.PoolBase - HikariPool-1 - Failed to validate connection com.mysql.cj.jdbc.ConnectionImpl@1be235dd (No operations allowed after connection closed.). Possibly consider using a shorter maxLifetime value.
2020-12-03 15:11:53.491 [http-nio-8336-exec-10] WARN  com.zaxxer.hikari.pool.PoolBase - HikariPool-1 - Failed to validate connection com.mysql.cj.jdbc.ConnectionImpl@21b10abd (No operations allowed after connection closed.). Possibly consider using a shorter maxLifetime value.
2020-12-03 15:11:53.507 [http-nio-8336-exec-10] WARN  com.zaxxer.hikari.pool.PoolBase - HikariPool-1 - Failed to validate connection com.mysql.cj.jdbc.ConnectionImpl@413a9360 (No operations allowed after connection closed.). Possibly consider using a shorter maxLifetime value.
2020-12-03 15:11:53.523 [http-nio-8336-exec-10] WARN  com.zaxxer.hikari.pool.PoolBase - HikariPool-1 - Failed to validate connection com.mysql.cj.jdbc.ConnectionImpl@45326229 (No operations allowed after connection closed.). Possibly consider using a shorter maxLifetime value.
2020-12-03 15:11:53.539 [http-nio-8336-exec-10] WARN  com.zaxxer.hikari.pool.PoolBase - HikariPool-1 - Failed to validate connection com.mysql.cj.jdbc.ConnectionImpl@4f74fb8f (No operations allowed after connection closed.). Possibly consider using a shorter maxLifetime value.
2020-12-03 15:17:14.624 [http-nio-8336-exec-3] WARN  com.zaxxer.hikari.pool.PoolBase - HikariPool-1 - Failed to validate connection com.mysql.cj.jdbc.ConnectionImpl@5f221b55 (No operations allowed after connection closed.). Possibly consider using a shorter maxLifetime value.
2020-12-03 15:17:14.647 [http-nio-8336-exec-3] WARN  com.zaxxer.hikari.pool.PoolBase - HikariPool-1 - Failed to validate connection com.mysql.cj.jdbc.ConnectionImpl@5653e51d (No operations allowed after connection closed.). Possibly consider using a shorter maxLifetime value.
2020-12-03 15:17:14.665 [http-nio-8336-exec-3] WARN  com.zaxxer.hikari.pool.PoolBase - HikariPool-1 - Failed to validate connection com.mysql.cj.jdbc.ConnectionImpl@11aa113d (No operations allowed after connection closed.). Possibly consider using a shorter maxLifetime value.
2020-12-03 15:17:14.678 [http-nio-8336-exec-3] WARN  com.zaxxer.hikari.pool.PoolBase - HikariPool-1 - Failed to validate connection com.mysql.cj.jdbc.ConnectionImpl@5e1d48ee (No operations allowed after connection closed.). Possibly consider using a shorter maxLifetime value.
2020-12-03 15:17:14.693 [http-nio-8336-exec-3] WARN  com.zaxxer.hikari.pool.PoolBase - HikariPool-1 - Failed to validate connection com.mysql.cj.jdbc.ConnectionImpl@46862106 (No operations allowed after connection closed.). Possibly consider using a shorter maxLifetime value.
2020-12-03 15:17:14.712 [http-nio-8336-exec-3] WARN  com.zaxxer.hikari.pool.PoolBase - HikariPool-1 - Failed to validate connection com.mysql.cj.jdbc.ConnectionImpl@fb45fc6 (No operations allowed after connection closed.). Possibly consider using a shorter maxLifetime value.
2020-12-03 15:17:14.728 [http-nio-8336-exec-3] WARN  com.zaxxer.hikari.pool.PoolBase - HikariPool-1 - Failed to validate connection com.mysql.cj.jdbc.ConnectionImpl@4e5684f4 (No operations allowed after connection closed.). Possibly consider using a shorter maxLifetime value.
2020-12-03 15:17:14.747 [http-nio-8336-exec-3] WARN  com.zaxxer.hikari.pool.PoolBase - HikariPool-1 - Failed to validate connection com.mysql.cj.jdbc.ConnectionImpl@7a38ffe8 (No operations allowed after connection closed.). Possibly consider using a shorter maxLifetime value.
2020-12-03 15:17:14.759 [http-nio-8336-exec-3] WARN  com.zaxxer.hikari.pool.PoolBase - HikariPool-1 - Failed to validate connection com.mysql.cj.jdbc.ConnectionImpl@dc17fb8 (No operations allowed after connection closed.). Possibly consider using a shorter maxLifetime value.
2020-12-03 15:17:14.770 [http-nio-8336-exec-3] WARN  com.zaxxer.hikari.pool.PoolBase - HikariPool-1 - Failed to validate connection com.mysql.cj.jdbc.ConnectionImpl@20264ba9 (No operations allowed after connection closed.). Possibly consider using a shorter maxLifetime value.
2020-12-03 15:30:09.783 [http-nio-8336-exec-4] WARN  com.zaxxer.hikari.pool.PoolBase - HikariPool-1 - Failed to validate connection com.mysql.cj.jdbc.ConnectionImpl@712bdfd4 (No operations allowed after connection closed.). Possibly consider using a shorter maxLifetime value.
2020-12-03 15:30:09.797 [http-nio-8336-exec-4] WARN  com.zaxxer.hikari.pool.PoolBase - HikariPool-1 - Failed to validate connection com.mysql.cj.jdbc.ConnectionImpl@251b519a (No operations allowed after connection closed.). Possibly consider using a shorter maxLifetime value.
2020-12-03 15:30:09.809 [http-nio-8336-exec-4] WARN  com.zaxxer.hikari.pool.PoolBase - HikariPool-1 - Failed to validate connection com.mysql.cj.jdbc.ConnectionImpl@2d06de9a (No operations allowed after connection closed.). Possibly consider using a shorter maxLifetime value.
2020-12-03 15:30:09.823 [http-nio-8336-exec-4] WARN  com.zaxxer.hikari.pool.PoolBase - HikariPool-1 - Failed to validate connection com.mysql.cj.jdbc.ConnectionImpl@2fc6191 (No operations allowed after connection closed.). Possibly consider using a shorter maxLifetime value.
2020-12-03 15:30:09.838 [http-nio-8336-exec-4] WARN  com.zaxxer.hikari.pool.PoolBase - HikariPool-1 - Failed to validate connection com.mysql.cj.jdbc.ConnectionImpl@871a85c (No operations allowed after connection closed.). Possibly consider using a shorter maxLifetime value.
2020-12-03 15:30:09.849 [http-nio-8336-exec-4] WARN  com.zaxxer.hikari.pool.PoolBase - HikariPool-1 - Failed to validate connection com.mysql.cj.jdbc.ConnectionImpl@7799bf49 (No operations allowed after connection closed.). Possibly consider using a shorter maxLifetime value.
2020-12-03 15:30:09.861 [http-nio-8336-exec-4] WARN  com.zaxxer.hikari.pool.PoolBase - HikariPool-1 - Failed to validate connection com.mysql.cj.jdbc.ConnectionImpl@6cf04d2e (No operations allowed after connection closed.). Possibly consider using a shorter maxLifetime value.
2020-12-03 15:30:09.883 [http-nio-8336-exec-4] WARN  com.zaxxer.hikari.pool.PoolBase - HikariPool-1 - Failed to validate connection com.mysql.cj.jdbc.ConnectionImpl@d6149c8 (No operations allowed after connection closed.). Possibly consider using a shorter maxLifetime value.
2020-12-03 15:30:09.897 [http-nio-8336-exec-4] WARN  com.zaxxer.hikari.pool.PoolBase - HikariPool-1 - Failed to validate connection com.mysql.cj.jdbc.ConnectionImpl@8d72370 (No operations allowed after connection closed.). Possibly consider using a shorter maxLifetime value.
2020-12-03 15:30:09.909 [http-nio-8336-exec-4] WARN  com.zaxxer.hikari.pool.PoolBase - HikariPool-1 - Failed to validate connection com.mysql.cj.jdbc.ConnectionImpl@320eb6d4 (No operations allowed after connection closed.). Possibly consider using a shorter maxLifetime value.
2020-12-03 15:35:35.891 [http-nio-8336-exec-5] WARN  com.zaxxer.hikari.pool.PoolBase - HikariPool-1 - Failed to validate connection com.mysql.cj.jdbc.ConnectionImpl@886cd11 (No operations allowed after connection closed.). Possibly consider using a shorter maxLifetime value.
2020-12-03 15:35:35.906 [http-nio-8336-exec-5] WARN  com.zaxxer.hikari.pool.PoolBase - HikariPool-1 - Failed to validate connection com.mysql.cj.jdbc.ConnectionImpl@6f802ed2 (No operations allowed after connection closed.). Possibly consider using a shorter maxLifetime value.
2020-12-03 15:35:35.918 [http-nio-8336-exec-5] WARN  com.zaxxer.hikari.pool.PoolBase - HikariPool-1 - Failed to validate connection com.mysql.cj.jdbc.ConnectionImpl@18687ed2 (No operations allowed after connection closed.). Possibly consider using a shorter maxLifetime value.
2020-12-03 15:35:35.932 [http-nio-8336-exec-5] WARN  com.zaxxer.hikari.pool.PoolBase - HikariPool-1 - Failed to validate connection com.mysql.cj.jdbc.ConnectionImpl@2638d68b (No operations allowed after connection closed.). Possibly consider using a shorter maxLifetime value.
2020-12-03 15:35:35.944 [http-nio-8336-exec-5] WARN  com.zaxxer.hikari.pool.PoolBase - HikariPool-1 - Failed to validate connection com.mysql.cj.jdbc.ConnectionImpl@373cd624 (No operations allowed after connection closed.). Possibly consider using a shorter maxLifetime value.
2020-12-03 15:35:35.957 [http-nio-8336-exec-5] WARN  com.zaxxer.hikari.pool.PoolBase - HikariPool-1 - Failed to validate connection com.mysql.cj.jdbc.ConnectionImpl@592488af (No operations allowed after connection closed.). Possibly consider using a shorter maxLifetime value.
2020-12-03 15:35:35.970 [http-nio-8336-exec-5] WARN  com.zaxxer.hikari.pool.PoolBase - HikariPool-1 - Failed to validate connection com.mysql.cj.jdbc.ConnectionImpl@2e1f3b7 (No operations allowed after connection closed.). Possibly consider using a shorter maxLifetime value.
2020-12-03 15:35:35.984 [http-nio-8336-exec-5] WARN  com.zaxxer.hikari.pool.PoolBase - HikariPool-1 - Failed to validate connection com.mysql.cj.jdbc.ConnectionImpl@620df1ee (No operations allowed after connection closed.). Possibly consider using a shorter maxLifetime value.
2020-12-03 15:35:36.000 [http-nio-8336-exec-5] WARN  com.zaxxer.hikari.pool.PoolBase - HikariPool-1 - Failed to validate connection com.mysql.cj.jdbc.ConnectionImpl@33d1867d (No operations allowed after connection closed.). Possibly consider using a shorter maxLifetime value.
2020-12-03 15:35:36.015 [http-nio-8336-exec-5] WARN  com.zaxxer.hikari.pool.PoolBase - HikariPool-1 - Failed to validate connection com.mysql.cj.jdbc.ConnectionImpl@4ecd1158 (No operations allowed after connection closed.). Possibly consider using a shorter maxLifetime value.
2020-12-03 15:51:12.711 [http-nio-8336-exec-9] WARN  com.zaxxer.hikari.pool.PoolBase - HikariPool-1 - Failed to validate connection com.mysql.cj.jdbc.ConnectionImpl@3ab883d8 (No operations allowed after connection closed.). Possibly consider using a shorter maxLifetime value.
2020-12-03 15:51:12.724 [http-nio-8336-exec-9] WARN  com.zaxxer.hikari.pool.PoolBase - HikariPool-1 - Failed to validate connection com.mysql.cj.jdbc.ConnectionImpl@2493eeb6 (No operations allowed after connection closed.). Possibly consider using a shorter maxLifetime value.
2020-12-03 15:51:12.740 [http-nio-8336-exec-9] WARN  com.zaxxer.hikari.pool.PoolBase - HikariPool-1 - Failed to validate connection com.mysql.cj.jdbc.ConnectionImpl@d3b471a (No operations allowed after connection closed.). Possibly consider using a shorter maxLifetime value.
2020-12-03 15:51:12.758 [http-nio-8336-exec-9] WARN  com.zaxxer.hikari.pool.PoolBase - HikariPool-1 - Failed to validate connection com.mysql.cj.jdbc.ConnectionImpl@73e3a326 (No operations allowed after connection closed.). Possibly consider using a shorter maxLifetime value.
2020-12-03 15:51:12.771 [http-nio-8336-exec-9] WARN  com.zaxxer.hikari.pool.PoolBase - HikariPool-1 - Failed to validate connection com.mysql.cj.jdbc.ConnectionImpl@527790a6 (No operations allowed after connection closed.). Possibly consider using a shorter maxLifetime value.
2020-12-03 15:51:12.786 [http-nio-8336-exec-9] WARN  com.zaxxer.hikari.pool.PoolBase - HikariPool-1 - Failed to validate connection com.mysql.cj.jdbc.ConnectionImpl@69aa2200 (No operations allowed after connection closed.). Possibly consider using a shorter maxLifetime value.
2020-12-03 15:51:12.801 [http-nio-8336-exec-9] WARN  com.zaxxer.hikari.pool.PoolBase - HikariPool-1 - Failed to validate connection com.mysql.cj.jdbc.ConnectionImpl@3e7ebbb8 (No operations allowed after connection closed.). Possibly consider using a shorter maxLifetime value.
2020-12-03 15:51:12.819 [http-nio-8336-exec-9] WARN  com.zaxxer.hikari.pool.PoolBase - HikariPool-1 - Failed to validate connection com.mysql.cj.jdbc.ConnectionImpl@50eac5c2 (No operations allowed after connection closed.). Possibly consider using a shorter maxLifetime value.
2020-12-03 15:51:12.839 [http-nio-8336-exec-9] WARN  com.zaxxer.hikari.pool.PoolBase - HikariPool-1 - Failed to validate connection com.mysql.cj.jdbc.ConnectionImpl@3ef68dd9 (No operations allowed after connection closed.). Possibly consider using a shorter maxLifetime value.
2020-12-03 15:51:12.862 [http-nio-8336-exec-9] WARN  com.zaxxer.hikari.pool.PoolBase - HikariPool-1 - Failed to validate connection com.mysql.cj.jdbc.ConnectionImpl@6741225 (No operations allowed after connection closed.). Possibly consider using a shorter maxLifetime value.
2020-12-03 16:07:59.529 [http-nio-8336-exec-10] WARN  com.zaxxer.hikari.pool.PoolBase - HikariPool-1 - Failed to validate connection com.mysql.cj.jdbc.ConnectionImpl@7909ffd5 (No operations allowed after connection closed.). Possibly consider using a shorter maxLifetime value.
2020-12-03 16:07:59.542 [http-nio-8336-exec-10] WARN  com.zaxxer.hikari.pool.PoolBase - HikariPool-1 - Failed to validate connection com.mysql.cj.jdbc.ConnectionImpl@2adfa683 (No operations allowed after connection closed.). Possibly consider using a shorter maxLifetime value.
2020-12-03 16:07:59.561 [http-nio-8336-exec-10] WARN  com.zaxxer.hikari.pool.PoolBase - HikariPool-1 - Failed to validate connection com.mysql.cj.jdbc.ConnectionImpl@13a34ebd (No operations allowed after connection closed.). Possibly consider using a shorter maxLifetime value.
2020-12-03 16:07:59.576 [http-nio-8336-exec-10] WARN  com.zaxxer.hikari.pool.PoolBase - HikariPool-1 - Failed to validate connection com.mysql.cj.jdbc.ConnectionImpl@25e2fc4b (No operations allowed after connection closed.). Possibly consider using a shorter maxLifetime value.
2020-12-03 16:07:59.592 [http-nio-8336-exec-10] WARN  com.zaxxer.hikari.pool.PoolBase - HikariPool-1 - Failed to validate connection com.mysql.cj.jdbc.ConnectionImpl@43a68db5 (No operations allowed after connection closed.). Possibly consider using a shorter maxLifetime value.
2020-12-03 16:07:59.605 [http-nio-8336-exec-10] WARN  com.zaxxer.hikari.pool.PoolBase - HikariPool-1 - Failed to validate connection com.mysql.cj.jdbc.ConnectionImpl@149ad0fc (No operations allowed after connection closed.). Possibly consider using a shorter maxLifetime value.
2020-12-03 16:07:59.625 [http-nio-8336-exec-10] WARN  com.zaxxer.hikari.pool.PoolBase - HikariPool-1 - Failed to validate connection com.mysql.cj.jdbc.ConnectionImpl@1dc5b274 (No operations allowed after connection closed.). Possibly consider using a shorter maxLifetime value.
2020-12-03 16:07:59.640 [http-nio-8336-exec-10] WARN  com.zaxxer.hikari.pool.PoolBase - HikariPool-1 - Failed to validate connection com.mysql.cj.jdbc.ConnectionImpl@2ff71523 (No operations allowed after connection closed.). Possibly consider using a shorter maxLifetime value.
2020-12-03 16:07:59.654 [http-nio-8336-exec-10] WARN  com.zaxxer.hikari.pool.PoolBase - HikariPool-1 - Failed to validate connection com.mysql.cj.jdbc.ConnectionImpl@584bfe4d (No operations allowed after connection closed.). Possibly consider using a shorter maxLifetime value.
2020-12-03 16:07:59.671 [http-nio-8336-exec-10] WARN  com.zaxxer.hikari.pool.PoolBase - HikariPool-1 - Failed to validate connection com.mysql.cj.jdbc.ConnectionImpl@1a14d888 (No operations allowed after connection closed.). Possibly consider using a shorter maxLifetime value.
2020-12-03 16:17:34.377 [http-nio-8336-exec-4] WARN  com.zaxxer.hikari.pool.PoolBase - HikariPool-1 - Failed to validate connection com.mysql.cj.jdbc.ConnectionImpl@4f68a256 (No operations allowed after connection closed.). Possibly consider using a shorter maxLifetime value.
2020-12-03 16:17:34.394 [http-nio-8336-exec-4] WARN  com.zaxxer.hikari.pool.PoolBase - HikariPool-1 - Failed to validate connection com.mysql.cj.jdbc.ConnectionImpl@6cad7844 (No operations allowed after connection closed.). Possibly consider using a shorter maxLifetime value.
2020-12-03 16:17:34.412 [http-nio-8336-exec-4] WARN  com.zaxxer.hikari.pool.PoolBase - HikariPool-1 - Failed to validate connection com.mysql.cj.jdbc.ConnectionImpl@7c0ce7ad (No operations allowed after connection closed.). Possibly consider using a shorter maxLifetime value.
2020-12-03 16:17:34.430 [http-nio-8336-exec-4] WARN  com.zaxxer.hikari.pool.PoolBase - HikariPool-1 - Failed to validate connection com.mysql.cj.jdbc.ConnectionImpl@76fc8068 (No operations allowed after connection closed.). Possibly consider using a shorter maxLifetime value.
2020-12-03 16:17:34.447 [http-nio-8336-exec-4] WARN  com.zaxxer.hikari.pool.PoolBase - HikariPool-1 - Failed to validate connection com.mysql.cj.jdbc.ConnectionImpl@75e829b2 (No operations allowed after connection closed.). Possibly consider using a shorter maxLifetime value.
2020-12-03 16:17:34.462 [http-nio-8336-exec-4] WARN  com.zaxxer.hikari.pool.PoolBase - HikariPool-1 - Failed to validate connection com.mysql.cj.jdbc.ConnectionImpl@72000013 (No operations allowed after connection closed.). Possibly consider using a shorter maxLifetime value.
2020-12-03 16:17:34.479 [http-nio-8336-exec-4] WARN  com.zaxxer.hikari.pool.PoolBase - HikariPool-1 - Failed to validate connection com.mysql.cj.jdbc.ConnectionImpl@692ab071 (No operations allowed after connection closed.). Possibly consider using a shorter maxLifetime value.
2020-12-03 16:17:34.493 [http-nio-8336-exec-4] WARN  com.zaxxer.hikari.pool.PoolBase - HikariPool-1 - Failed to validate connection com.mysql.cj.jdbc.ConnectionImpl@7bc782fc (No operations allowed after connection closed.). Possibly consider using a shorter maxLifetime value.
2020-12-03 16:17:34.507 [http-nio-8336-exec-4] WARN  com.zaxxer.hikari.pool.PoolBase - HikariPool-1 - Failed to validate connection com.mysql.cj.jdbc.ConnectionImpl@4fd6918f (No operations allowed after connection closed.). Possibly consider using a shorter maxLifetime value.
2020-12-03 16:17:34.527 [http-nio-8336-exec-4] WARN  com.zaxxer.hikari.pool.PoolBase - HikariPool-1 - Failed to validate connection com.mysql.cj.jdbc.ConnectionImpl@3da410fe (No operations allowed after connection closed.). Possibly consider using a shorter maxLifetime value.
2020-12-03 16:40:01.243 [http-nio-8336-exec-5] WARN  com.zaxxer.hikari.pool.PoolBase - HikariPool-1 - Failed to validate connection com.mysql.cj.jdbc.ConnectionImpl@26011fff (No operations allowed after connection closed.). Possibly consider using a shorter maxLifetime value.
2020-12-03 16:40:01.259 [http-nio-8336-exec-5] WARN  com.zaxxer.hikari.pool.PoolBase - HikariPool-1 - Failed to validate connection com.mysql.cj.jdbc.ConnectionImpl@67a6dbc (No operations allowed after connection closed.). Possibly consider using a shorter maxLifetime value.
2020-12-03 16:40:01.273 [http-nio-8336-exec-5] WARN  com.zaxxer.hikari.pool.PoolBase - HikariPool-1 - Failed to validate connection com.mysql.cj.jdbc.ConnectionImpl@5f6c1efc (No operations allowed after connection closed.). Possibly consider using a shorter maxLifetime value.
2020-12-03 16:40:01.289 [http-nio-8336-exec-5] WARN  com.zaxxer.hikari.pool.PoolBase - HikariPool-1 - Failed to validate connection com.mysql.cj.jdbc.ConnectionImpl@71bc0c09 (No operations allowed after connection closed.). Possibly consider using a shorter maxLifetime value.
2020-12-03 16:40:01.307 [http-nio-8336-exec-5] WARN  com.zaxxer.hikari.pool.PoolBase - HikariPool-1 - Failed to validate connection com.mysql.cj.jdbc.ConnectionImpl@7625a3d8 (No operations allowed after connection closed.). Possibly consider using a shorter maxLifetime value.
2020-12-03 16:40:01.323 [http-nio-8336-exec-5] WARN  com.zaxxer.hikari.pool.PoolBase - HikariPool-1 - Failed to validate connection com.mysql.cj.jdbc.ConnectionImpl@2367272d (No operations allowed after connection closed.). Possibly consider using a shorter maxLifetime value.
2020-12-03 16:40:01.335 [http-nio-8336-exec-5] WARN  com.zaxxer.hikari.pool.PoolBase - HikariPool-1 - Failed to validate connection com.mysql.cj.jdbc.ConnectionImpl@1cc35643 (No operations allowed after connection closed.). Possibly consider using a shorter maxLifetime value.
2020-12-03 16:40:01.347 [http-nio-8336-exec-5] WARN  com.zaxxer.hikari.pool.PoolBase - HikariPool-1 - Failed to validate connection com.mysql.cj.jdbc.ConnectionImpl@d8edd96 (No operations allowed after connection closed.). Possibly consider using a shorter maxLifetime value.
2020-12-03 16:40:01.358 [http-nio-8336-exec-5] WARN  com.zaxxer.hikari.pool.PoolBase - HikariPool-1 - Failed to validate connection com.mysql.cj.jdbc.ConnectionImpl@566e849c (No operations allowed after connection closed.). Possibly consider using a shorter maxLifetime value.
2020-12-03 16:40:01.375 [http-nio-8336-exec-5] WARN  com.zaxxer.hikari.pool.PoolBase - HikariPool-1 - Failed to validate connection com.mysql.cj.jdbc.ConnectionImpl@4caa8f33 (No operations allowed after connection closed.). Possibly consider using a shorter maxLifetime value.
2020-12-03 16:54:30.286 [HikariPool-1 housekeeper] WARN  com.zaxxer.hikari.pool.HikariPool - HikariPool-1 - Thread starvation or clock leap detected (housekeeper delta=1m19s553ms737µs600ns).
2020-12-03 16:58:38.625 [http-nio-8336-exec-2] WARN  com.zaxxer.hikari.pool.PoolBase - HikariPool-1 - Failed to validate connection com.mysql.cj.jdbc.ConnectionImpl@6335c223 (No operations allowed after connection closed.). Possibly consider using a shorter maxLifetime value.
2020-12-03 16:58:38.648 [http-nio-8336-exec-2] WARN  com.zaxxer.hikari.pool.PoolBase - HikariPool-1 - Failed to validate connection com.mysql.cj.jdbc.ConnectionImpl@1eb73e55 (No operations allowed after connection closed.). Possibly consider using a shorter maxLifetime value.
2020-12-03 16:58:38.661 [http-nio-8336-exec-2] WARN  com.zaxxer.hikari.pool.PoolBase - HikariPool-1 - Failed to validate connection com.mysql.cj.jdbc.ConnectionImpl@5865a536 (No operations allowed after connection closed.). Possibly consider using a shorter maxLifetime value.
2020-12-03 16:58:38.673 [http-nio-8336-exec-2] WARN  com.zaxxer.hikari.pool.PoolBase - HikariPool-1 - Failed to validate connection com.mysql.cj.jdbc.ConnectionImpl@158c50c3 (No operations allowed after connection closed.). Possibly consider using a shorter maxLifetime value.
2020-12-03 16:58:38.685 [http-nio-8336-exec-2] WARN  com.zaxxer.hikari.pool.PoolBase - HikariPool-1 - Failed to validate connection com.mysql.cj.jdbc.ConnectionImpl@448938fc (No operations allowed after connection closed.). Possibly consider using a shorter maxLifetime value.
2020-12-03 16:58:38.698 [http-nio-8336-exec-2] WARN  com.zaxxer.hikari.pool.PoolBase - HikariPool-1 - Failed to validate connection com.mysql.cj.jdbc.ConnectionImpl@63ebe3ae (No operations allowed after connection closed.). Possibly consider using a shorter maxLifetime value.
2020-12-03 16:58:38.710 [http-nio-8336-exec-2] WARN  com.zaxxer.hikari.pool.PoolBase - HikariPool-1 - Failed to validate connection com.mysql.cj.jdbc.ConnectionImpl@16d2b6f0 (No operations allowed after connection closed.). Possibly consider using a shorter maxLifetime value.
2020-12-03 16:58:38.727 [http-nio-8336-exec-2] WARN  com.zaxxer.hikari.pool.PoolBase - HikariPool-1 - Failed to validate connection com.mysql.cj.jdbc.ConnectionImpl@612ff6a1 (No operations allowed after connection closed.). Possibly consider using a shorter maxLifetime value.
2020-12-03 16:58:38.742 [http-nio-8336-exec-2] WARN  com.zaxxer.hikari.pool.PoolBase - HikariPool-1 - Failed to validate connection com.mysql.cj.jdbc.ConnectionImpl@6c6c7ca0 (No operations allowed after connection closed.). Possibly consider using a shorter maxLifetime value.
2020-12-03 16:58:38.755 [http-nio-8336-exec-2] WARN  com.zaxxer.hikari.pool.PoolBase - HikariPool-1 - Failed to validate connection com.mysql.cj.jdbc.ConnectionImpl@50a60410 (No operations allowed after connection closed.). Possibly consider using a shorter maxLifetime value.
2020-12-03 17:00:41.500 [main] WARN  o.s.b.a.o.j.JpaBaseConfiguration$JpaWebConfiguration - spring.jpa.open-in-view is enabled by default. Therefore, database queries may be performed during view rendering. Explicitly configure spring.jpa.open-in-view to disable this warning
2020-12-03 17:00:42.706 [task-1] WARN  com.zaxxer.hikari.util.DriverDataSource - Registered driver with driverClassName=com.mysql.jdbc.Driver was not found, trying direct instantiation.
2020-12-03 17:00:42.773 [main] WARN  o.s.b.a.t.ThymeleafAutoConfiguration$DefaultTemplateResolverConfiguration - Cannot find template location: classpath:/templates/ (please add some templates or check your Thymeleaf configuration)
2020-12-03 17:03:11.121 [main] WARN  o.s.b.a.o.j.JpaBaseConfiguration$JpaWebConfiguration - spring.jpa.open-in-view is enabled by default. Therefore, database queries may be performed during view rendering. Explicitly configure spring.jpa.open-in-view to disable this warning
2020-12-03 17:03:12.347 [task-1] WARN  com.zaxxer.hikari.util.DriverDataSource - Registered driver with driverClassName=com.mysql.jdbc.Driver was not found, trying direct instantiation.
2020-12-03 17:03:12.537 [main] WARN  o.s.b.a.t.ThymeleafAutoConfiguration$DefaultTemplateResolverConfiguration - Cannot find template location: classpath:/templates/ (please add some templates or check your Thymeleaf configuration)
2020-12-03 17:21:27.701 [http-nio-8336-exec-8] WARN  com.zaxxer.hikari.pool.PoolBase - HikariPool-1 - Failed to validate connection com.mysql.cj.jdbc.ConnectionImpl@7a7a3430 (No operations allowed after connection closed.). Possibly consider using a shorter maxLifetime value.
2020-12-03 17:21:27.717 [http-nio-8336-exec-8] WARN  com.zaxxer.hikari.pool.PoolBase - HikariPool-1 - Failed to validate connection com.mysql.cj.jdbc.ConnectionImpl@405d70bb (No operations allowed after connection closed.). Possibly consider using a shorter maxLifetime value.
2020-12-03 17:21:27.733 [http-nio-8336-exec-8] WARN  com.zaxxer.hikari.pool.PoolBase - HikariPool-1 - Failed to validate connection com.mysql.cj.jdbc.ConnectionImpl@6b2d0734 (No operations allowed after connection closed.). Possibly consider using a shorter maxLifetime value.
2020-12-03 17:21:27.744 [http-nio-8336-exec-8] WARN  com.zaxxer.hikari.pool.PoolBase - HikariPool-1 - Failed to validate connection com.mysql.cj.jdbc.ConnectionImpl@40f99578 (No operations allowed after connection closed.). Possibly consider using a shorter maxLifetime value.
2020-12-03 17:21:27.759 [http-nio-8336-exec-8] WARN  com.zaxxer.hikari.pool.PoolBase - HikariPool-1 - Failed to validate connection com.mysql.cj.jdbc.ConnectionImpl@5cc9cce5 (No operations allowed after connection closed.). Possibly consider using a shorter maxLifetime value.
2020-12-03 17:21:27.773 [http-nio-8336-exec-8] WARN  com.zaxxer.hikari.pool.PoolBase - HikariPool-1 - Failed to validate connection com.mysql.cj.jdbc.ConnectionImpl@773aa76f (No operations allowed after connection closed.). Possibly consider using a shorter maxLifetime value.
2020-12-03 17:21:27.795 [http-nio-8336-exec-8] WARN  com.zaxxer.hikari.pool.PoolBase - HikariPool-1 - Failed to validate connection com.mysql.cj.jdbc.ConnectionImpl@742d0a1b (No operations allowed after connection closed.). Possibly consider using a shorter maxLifetime value.
2020-12-03 17:21:27.809 [http-nio-8336-exec-8] WARN  com.zaxxer.hikari.pool.PoolBase - HikariPool-1 - Failed to validate connection com.mysql.cj.jdbc.ConnectionImpl@78f313b3 (No operations allowed after connection closed.). Possibly consider using a shorter maxLifetime value.
2020-12-03 17:21:27.827 [http-nio-8336-exec-8] WARN  com.zaxxer.hikari.pool.PoolBase - HikariPool-1 - Failed to validate connection com.mysql.cj.jdbc.ConnectionImpl@6acf56ac (No operations allowed after connection closed.). Possibly consider using a shorter maxLifetime value.
2020-12-03 17:21:27.848 [http-nio-8336-exec-8] WARN  com.zaxxer.hikari.pool.PoolBase - HikariPool-1 - Failed to validate connection com.mysql.cj.jdbc.ConnectionImpl@48ec9545 (No operations allowed after connection closed.). Possibly consider using a shorter maxLifetime value.
2020-12-03 17:30:38.136 [http-nio-8336-exec-10] WARN  com.zaxxer.hikari.pool.PoolBase - HikariPool-1 - Failed to validate connection com.mysql.cj.jdbc.ConnectionImpl@5540954c (No operations allowed after connection closed.). Possibly consider using a shorter maxLifetime value.
2020-12-03 17:30:38.149 [http-nio-8336-exec-10] WARN  com.zaxxer.hikari.pool.PoolBase - HikariPool-1 - Failed to validate connection com.mysql.cj.jdbc.ConnectionImpl@5a1c1d73 (No operations allowed after connection closed.). Possibly consider using a shorter maxLifetime value.
2020-12-03 17:30:38.165 [http-nio-8336-exec-10] WARN  com.zaxxer.hikari.pool.PoolBase - HikariPool-1 - Failed to validate connection com.mysql.cj.jdbc.ConnectionImpl@c3386be (No operations allowed after connection closed.). Possibly consider using a shorter maxLifetime value.
2020-12-03 17:30:38.176 [http-nio-8336-exec-10] WARN  com.zaxxer.hikari.pool.PoolBase - HikariPool-1 - Failed to validate connection com.mysql.cj.jdbc.ConnectionImpl@5d889881 (No operations allowed after connection closed.). Possibly consider using a shorter maxLifetime value.
2020-12-03 17:30:38.188 [http-nio-8336-exec-10] WARN  com.zaxxer.hikari.pool.PoolBase - HikariPool-1 - Failed to validate connection com.mysql.cj.jdbc.ConnectionImpl@3fbdc0f0 (No operations allowed after connection closed.). Possibly consider using a shorter maxLifetime value.
2020-12-03 17:30:38.206 [http-nio-8336-exec-10] WARN  com.zaxxer.hikari.pool.PoolBase - HikariPool-1 - Failed to validate connection com.mysql.cj.jdbc.ConnectionImpl@cb31b3a (No operations allowed after connection closed.). Possibly consider using a shorter maxLifetime value.
2020-12-03 17:30:38.217 [http-nio-8336-exec-10] WARN  com.zaxxer.hikari.pool.PoolBase - HikariPool-1 - Failed to validate connection com.mysql.cj.jdbc.ConnectionImpl@5d58e01c (No operations allowed after connection closed.). Possibly consider using a shorter maxLifetime value.
2020-12-03 17:30:38.229 [http-nio-8336-exec-10] WARN  com.zaxxer.hikari.pool.PoolBase - HikariPool-1 - Failed to validate connection com.mysql.cj.jdbc.ConnectionImpl@5d07996b (No operations allowed after connection closed.). Possibly consider using a shorter maxLifetime value.
2020-12-03 17:30:38.242 [http-nio-8336-exec-10] WARN  com.zaxxer.hikari.pool.PoolBase - HikariPool-1 - Failed to validate connection com.mysql.cj.jdbc.ConnectionImpl@7eee2521 (No operations allowed after connection closed.). Possibly consider using a shorter maxLifetime value.
2020-12-03 17:30:38.261 [http-nio-8336-exec-10] WARN  com.zaxxer.hikari.pool.PoolBase - HikariPool-1 - Failed to validate connection com.mysql.cj.jdbc.ConnectionImpl@6a108b0d (No operations allowed after connection closed.). Possibly consider using a shorter maxLifetime value.
2020-12-03 18:22:42.442 [main] WARN  o.s.b.a.o.j.JpaBaseConfiguration$JpaWebConfiguration - spring.jpa.open-in-view is enabled by default. Therefore, database queries may be performed during view rendering. Explicitly configure spring.jpa.open-in-view to disable this warning
2020-12-03 18:22:43.569 [task-1] WARN  com.zaxxer.hikari.util.DriverDataSource - Registered driver with driverClassName=com.mysql.jdbc.Driver was not found, trying direct instantiation.
2020-12-03 18:22:43.586 [main] WARN  o.s.b.a.t.ThymeleafAutoConfiguration$DefaultTemplateResolverConfiguration - Cannot find template location: classpath:/templates/ (please add some templates or check your Thymeleaf configuration)
